<?xml version="1.0" encoding="UTF-8" standalone="yes"?>
<testsuites name="V7 Bugs" time="152" tests="1" failures="2" errors="1">
    <testsuite name="V7 Bugs" tests="1" failures="2" errors="1" time="152" timestamp="2019-08-06 11:29:11" hostname="kbr - HYPERION.pci.intranet" id="Test Suites/V7 Bugs">
        <properties>
            <property name="deviceName" value=""/>
            <property name="devicePlatform" value=""/>
            <property name="logFolder" value="C:\\Users\\kbr\\git\\V7\\V7\\V7\\Reports\\V7 Bugs\\20190806_112908"/>
            <property name="logFiles" value="C:\\Users\\kbr\\git\\V7\\V7\\V7\\Reports\\V7 Bugs\\20190806_112908\\execution0.log"/>
            <property name="attachments" value="C:\\Users\\kbr\\git\\V7\\V7\\V7\\Reports\\V7 Bugs\\20190806_112908\\1565083798054.png, C:\\Users\\kbr\\git\\V7\\V7\\V7\\Reports\\V7 Bugs\\20190806_112908\\1565083888516.png"/>
            <property name="hostName" value="kbr - HYPERION.pci.intranet"/>
            <property name="os" value="Windows 10 64bit"/>
            <property name="katalonVersion" value="6.1.5.3"/>
            <property name="browser" value="Chrome 75.0.3770.142"/>
            <property name="hostAddress" value="192.168.4.141"/>
            <property name="sessionId" value="980a61ea5bce892657ff68af50d8ac80"/>
            <property name="seleniumVersion" value="3.7.1"/>
            <property name="proxyInformation" value="ProxyInformation{proxyOption=NO_PROXY, proxyServerType=HTTP, password=, proxyServerAddress=, proxyServerPort=0}"/>
            <property name="platform" value="Windows 10"/>
        </properties>
        <testcase name="Test Cases/V7 Bugs/V7 715" classname="Test Cases/V7 Bugs/V7 715" status="FAILED">
            <failure type="FAILED" message="Test Cases/V7 Bugs/V7 715 FAILED.&#xA;Reason:&#xA;com.kms.katalon.core.exception.StepFailedException: Unable to click on object 'Object Repository/Page_BusinessRadar-Client 700/Buttons/button_KAMPAGNEN BEARBEITUNG (1)'&#xD;&#xA;&#x9;at com.kms.katalon.core.webui.keyword.internal.WebUIKeywordMain.stepFailed(WebUIKeywordMain.groovy:64)&#xD;&#xA;&#x9;at com.kms.katalon.core.webui.keyword.internal.WebUIKeywordMain.runKeyword(WebUIKeywordMain.groovy:26)&#xD;&#xA;&#x9;at com.kms.katalon.core.webui.keyword.builtin.ClickKeyword.click(ClickKeyword.groovy:86)&#xD;&#xA;&#x9;at com.kms.katalon.core.webui.keyword.builtin.ClickKeyword.execute(ClickKeyword.groovy:67)&#xD;&#xA;&#x9;at com.kms.katalon.core.keyword.internal.KeywordExecutor.executeKeywordForPlatform(KeywordExecutor.groovy:56)&#xD;&#xA;&#x9;at com.kms.katalon.core.webui.keyword.WebUiBuiltInKeywords.click(WebUiBuiltInKeywords.groovy:616)&#xD;&#xA;&#x9;at com.kms.katalon.core.webui.keyword.WebUiBuiltInKeywords$click$4.call(Unknown Source)&#xD;&#xA;&#x9;at V7 715.run(V7 715:28)&#xD;&#xA;&#x9;at com.kms.katalon.core.main.ScriptEngine.run(ScriptEngine.java:194)&#xD;&#xA;&#x9;at com.kms.katalon.core.main.ScriptEngine.runScriptAsRawText(ScriptEngine.java:119)&#xD;&#xA;&#x9;at com.kms.katalon.core.main.TestCaseExecutor.runScript(TestCaseExecutor.java:337)&#xD;&#xA;&#x9;at com.kms.katalon.core.main.TestCaseExecutor.doExecute(TestCaseExecutor.java:328)&#xD;&#xA;&#x9;at com.kms.katalon.core.main.TestCaseExecutor.processExecutionPhase(TestCaseExecutor.java:307)&#xD;&#xA;&#x9;at com.kms.katalon.core.main.TestCaseExecutor.accessMainPhase(TestCaseExecutor.java:299)&#xD;&#xA;&#x9;at com.kms.katalon.core.main.TestCaseExecutor.execute(TestCaseExecutor.java:233)&#xD;&#xA;&#x9;at com.kms.katalon.core.main.TestSuiteExecutor.accessTestCaseMainPhase(TestSuiteExecutor.java:133)&#xD;&#xA;&#x9;at com.kms.katalon.core.main.TestSuiteExecutor.accessTestSuiteMainPhase(TestSuiteExecutor.java:116)&#xD;&#xA;&#x9;at com.kms.katalon.core.main.TestSuiteExecutor.execute(TestSuiteExecutor.java:83)&#xD;&#xA;&#x9;at com.kms.katalon.core.main.TestCaseMain.startTestSuite(TestCaseMain.java:157)&#xD;&#xA;&#x9;at com.kms.katalon.core.main.TestCaseMain$startTestSuite$0.call(Unknown Source)&#xD;&#xA;&#x9;at TempTestSuite1565083748703.run(TempTestSuite1565083748703.groovy:35)&#xD;&#xA;Caused by: com.kms.katalon.core.webui.exception.WebElementNotFoundException: Web element with id: 'Object Repository/Page_BusinessRadar-Client 700/Buttons/button_KAMPAGNEN BEARBEITUNG (1)' located by 'By.xpath: (//button[@type='button'])[3]' not found&#xD;&#xA;&#x9;at com.kms.katalon.core.webui.common.WebUiCommonHelper.findWebElement(WebUiCommonHelper.java:1097)&#xD;&#xA;&#x9;at com.kms.katalon.core.webui.keyword.internal.WebUIAbstractKeyword.findWebElement(WebUIAbstractKeyword.groovy:27)&#xD;&#xA;&#x9;at com.kms.katalon.core.webui.keyword.internal.WebUIAbstractKeyword.findWebElement(WebUIAbstractKeyword.groovy:26)&#xD;&#xA;&#x9;at com.kms.katalon.core.webui.keyword.builtin.ClickKeyword$_click_closure1.doCall(ClickKeyword.groovy:77)&#xD;&#xA;&#x9;at com.kms.katalon.core.webui.keyword.builtin.ClickKeyword$_click_closure1.call(ClickKeyword.groovy)&#xD;&#xA;&#x9;at com.kms.katalon.core.webui.keyword.internal.WebUIKeywordMain.runKeyword(WebUIKeywordMain.groovy:20)&#xD;&#xA;&#x9;... 19 more&#xD;&#xA;"/>
            <system-out>2019-08-06 11:29:12 - [TEST_CASE][FAILED] - Test Cases/V7 Bugs/V7 715: Test Cases/V7 Bugs/V7 715 FAILED.
Reason:
com.kms.katalon.core.exception.StepFailedException: Unable to click on object 'Object Repository/Page_BusinessRadar-Client 700/Buttons/button_KAMPAGNEN BEARBEITUNG (1)'&#xD;
	at com.kms.katalon.core.webui.keyword.internal.WebUIKeywordMain.stepFailed(WebUIKeywordMain.groovy:64)&#xD;
	at com.kms.katalon.core.webui.keyword.internal.WebUIKeywordMain.runKeyword(WebUIKeywordMain.groovy:26)&#xD;
	at com.kms.katalon.core.webui.keyword.builtin.ClickKeyword.click(ClickKeyword.groovy:86)&#xD;
	at com.kms.katalon.core.webui.keyword.builtin.ClickKeyword.execute(ClickKeyword.groovy:67)&#xD;
	at com.kms.katalon.core.keyword.internal.KeywordExecutor.executeKeywordForPlatform(KeywordExecutor.groovy:56)&#xD;
	at com.kms.katalon.core.webui.keyword.WebUiBuiltInKeywords.click(WebUiBuiltInKeywords.groovy:616)&#xD;
	at com.kms.katalon.core.webui.keyword.WebUiBuiltInKeywords$click$4.call(Unknown Source)&#xD;
	at V7 715.run(V7 715:28)&#xD;
	at com.kms.katalon.core.main.ScriptEngine.run(ScriptEngine.java:194)&#xD;
	at com.kms.katalon.core.main.ScriptEngine.runScriptAsRawText(ScriptEngine.java:119)&#xD;
	at com.kms.katalon.core.main.TestCaseExecutor.runScript(TestCaseExecutor.java:337)&#xD;
	at com.kms.katalon.core.main.TestCaseExecutor.doExecute(TestCaseExecutor.java:328)&#xD;
	at com.kms.katalon.core.main.TestCaseExecutor.processExecutionPhase(TestCaseExecutor.java:307)&#xD;
	at com.kms.katalon.core.main.TestCaseExecutor.accessMainPhase(TestCaseExecutor.java:299)&#xD;
	at com.kms.katalon.core.main.TestCaseExecutor.execute(TestCaseExecutor.java:233)&#xD;
	at com.kms.katalon.core.main.TestSuiteExecutor.accessTestCaseMainPhase(TestSuiteExecutor.java:133)&#xD;
	at com.kms.katalon.core.main.TestSuiteExecutor.accessTestSuiteMainPhase(TestSuiteExecutor.java:116)&#xD;
	at com.kms.katalon.core.main.TestSuiteExecutor.execute(TestSuiteExecutor.java:83)&#xD;
	at com.kms.katalon.core.main.TestCaseMain.startTestSuite(TestCaseMain.java:157)&#xD;
	at com.kms.katalon.core.main.TestCaseMain$startTestSuite$0.call(Unknown Source)&#xD;
	at TempTestSuite1565083748703.run(TempTestSuite1565083748703.groovy:35)&#xD;
Caused by: com.kms.katalon.core.webui.exception.WebElementNotFoundException: Web element with id: 'Object Repository/Page_BusinessRadar-Client 700/Buttons/button_KAMPAGNEN BEARBEITUNG (1)' located by 'By.xpath: (//button[@type='button'])[3]' not found&#xD;
	at com.kms.katalon.core.webui.common.WebUiCommonHelper.findWebElement(WebUiCommonHelper.java:1097)&#xD;
	at com.kms.katalon.core.webui.keyword.internal.WebUIAbstractKeyword.findWebElement(WebUIAbstractKeyword.groovy:27)&#xD;
	at com.kms.katalon.core.webui.keyword.internal.WebUIAbstractKeyword.findWebElement(WebUIAbstractKeyword.groovy:26)&#xD;
	at com.kms.katalon.core.webui.keyword.builtin.ClickKeyword$_click_closure1.doCall(ClickKeyword.groovy:77)&#xD;
	at com.kms.katalon.core.webui.keyword.builtin.ClickKeyword$_click_closure1.call(ClickKeyword.groovy)&#xD;
	at com.kms.katalon.core.webui.keyword.internal.WebUIKeywordMain.runKeyword(WebUIKeywordMain.groovy:20)&#xD;
	... 19 more&#xD;
&#xD;
&#xD;
2019-08-06 11:29:12 - [TEST_STEP][PASSED] - openBrowser(""): Browser is opened with url: ''&#xD;
&#xD;
2019-08-06 11:29:12 - [MESSAGE][INFO] - Starting 'Chrome (headless)' driver&#xD;
&#xD;
2019-08-06 11:29:12 - [MESSAGE][INFO] - Action delay is set to 0 seconds&#xD;
&#xD;
2019-08-06 11:29:16 - [MESSAGE][PASSED] - Browser is opened with url: ''&#xD;
&#xD;
2019-08-06 11:29:16 - [TEST_STEP][PASSED] - navigateToUrl("https://nostromo.profect.de:8444/v7-snapshot/#/main"): Navigate to 'https://nostromo.profect.de:8444/v7-snapshot/#/main' successfully&#xD;
&#xD;
2019-08-06 11:29:26 - [MESSAGE][PASSED] - Navigate to 'https://nostromo.profect.de:8444/v7-snapshot/#/main' successfully&#xD;
&#xD;
2019-08-06 11:29:26 - [TEST_STEP][PASSED] - waitForPageLoad(3): Wait for page load successfully&#xD;
&#xD;
2019-08-06 11:29:26 - [MESSAGE][PASSED] - Wait for page load successfully&#xD;
&#xD;
2019-08-06 11:29:26 - [TEST_STEP][PASSED] - setText(findTestObject("Page_BusinessRadar-Client 700/Input fields/input_Login_username"), "demo"): Text 'demo' is set on object 'Object Repository/Page_BusinessRadar-Client 700/Input fields/input_Login_username'&#xD;
&#xD;
2019-08-06 11:29:26 - [MESSAGE][PASSED] - Text 'demo' is set on object 'Object Repository/Page_BusinessRadar-Client 700/Input fields/input_Login_username'&#xD;
&#xD;
2019-08-06 11:29:26 - [TEST_STEP][PASSED] - setEncryptedText(findTestObject("Page_BusinessRadar-Client 700/Input fields/input_Nutzername_password"), "W3BsrpIC7rG/OMTzTgbg+A=="): Text ****** has been set on object 'Object Repository/Page_BusinessRadar-Client 700/Input fields/input_Nutzername_password'&#xD;
&#xD;
2019-08-06 11:29:27 - [MESSAGE][PASSED] - Text ****** has been set on object 'Object Repository/Page_BusinessRadar-Client 700/Input fields/input_Nutzername_password'&#xD;
&#xD;
2019-08-06 11:29:27 - [TEST_STEP][PASSED] - click(findTestObject("Page_BusinessRadar-Client 700/Buttons/button_ANMELDEN")): Object: 'Object Repository/Page_BusinessRadar-Client 700/Buttons/button_ANMELDEN' is clicked on&#xD;
&#xD;
2019-08-06 11:29:27 - [MESSAGE][PASSED] - Object: 'Object Repository/Page_BusinessRadar-Client 700/Buttons/button_ANMELDEN' is clicked on&#xD;
&#xD;
2019-08-06 11:29:27 - [TEST_STEP][FAILED] - click(findTestObject("Page_BusinessRadar-Client 700/Buttons/button_KAMPAGNEN BEARBEITUNG (1)")): Unable to click on object 'Object Repository/Page_BusinessRadar-Client 700/Buttons/button_KAMPAGNEN BEARBEITUNG (1)' (Root cause: com.kms.katalon.core.exception.StepFailedException: Unable to click on object 'Object Repository/Page_BusinessRadar-Client 700/Buttons/button_KAMPAGNEN BEARBEITUNG (1)'&#xD;
	at com.kms.katalon.core.webui.keyword.internal.WebUIKeywordMain.stepFailed(WebUIKeywordMain.groovy:64)&#xD;
	at com.kms.katalon.core.webui.keyword.internal.WebUIKeywordMain.runKeyword(WebUIKeywordMain.groovy:26)&#xD;
	at com.kms.katalon.core.webui.keyword.builtin.ClickKeyword.click(ClickKeyword.groovy:86)&#xD;
	at com.kms.katalon.core.webui.keyword.builtin.ClickKeyword.execute(ClickKeyword.groovy:67)&#xD;
	at com.kms.katalon.core.keyword.internal.KeywordExecutor.executeKeywordForPlatform(KeywordExecutor.groovy:56)&#xD;
	at com.kms.katalon.core.webui.keyword.WebUiBuiltInKeywords.click(WebUiBuiltInKeywords.groovy:616)&#xD;
	at com.kms.katalon.core.webui.keyword.WebUiBuiltInKeywords$click$4.call(Unknown Source)&#xD;
	at V7 715.run(V7 715:28)&#xD;
	at com.kms.katalon.core.main.ScriptEngine.run(ScriptEngine.java:194)&#xD;
	at com.kms.katalon.core.main.ScriptEngine.runScriptAsRawText(ScriptEngine.java:119)&#xD;
	at com.kms.katalon.core.main.TestCaseExecutor.runScript(TestCaseExecutor.java:337)&#xD;
	at com.kms.katalon.core.main.TestCaseExecutor.doExecute(TestCaseExecutor.java:328)&#xD;
	at com.kms.katalon.core.main.TestCaseExecutor.processExecutionPhase(TestCaseExecutor.java:307)&#xD;
	at com.kms.katalon.core.main.TestCaseExecutor.accessMainPhase(TestCaseExecutor.java:299)&#xD;
	at com.kms.katalon.core.main.TestCaseExecutor.execute(TestCaseExecutor.java:233)&#xD;
	at com.kms.katalon.core.main.TestSuiteExecutor.accessTestCaseMainPhase(TestSuiteExecutor.java:133)&#xD;
	at com.kms.katalon.core.main.TestSuiteExecutor.accessTestSuiteMainPhase(TestSuiteExecutor.java:116)&#xD;
	at com.kms.katalon.core.main.TestSuiteExecutor.execute(TestSuiteExecutor.java:83)&#xD;
	at com.kms.katalon.core.main.TestCaseMain.startTestSuite(TestCaseMain.java:157)&#xD;
	at com.kms.katalon.core.main.TestCaseMain$startTestSuite$0.call(Unknown Source)&#xD;
	at TempTestSuite1565083748703.run(TempTestSuite1565083748703.groovy:35)&#xD;
Caused by: com.kms.katalon.core.webui.exception.WebElementNotFoundException: Web element with id: 'Object Repository/Page_BusinessRadar-Client 700/Buttons/button_KAMPAGNEN BEARBEITUNG (1)' located by 'By.xpath: (//button[@type='button'])[3]' not found&#xD;
	at com.kms.katalon.core.webui.common.WebUiCommonHelper.findWebElement(WebUiCommonHelper.java:1097)&#xD;
	at com.kms.katalon.core.webui.keyword.internal.WebUIAbstractKeyword.findWebElement(WebUIAbstractKeyword.groovy:27)&#xD;
	at com.kms.katalon.core.webui.keyword.internal.WebUIAbstractKeyword.findWebElement(WebUIAbstractKeyword.groovy:26)&#xD;
	at com.kms.katalon.core.webui.keyword.builtin.ClickKeyword$_click_closure1.doCall(ClickKeyword.groovy:77)&#xD;
	at com.kms.katalon.core.webui.keyword.builtin.ClickKeyword$_click_closure1.call(ClickKeyword.groovy)&#xD;
	at com.kms.katalon.core.webui.keyword.internal.WebUIKeywordMain.runKeyword(WebUIKeywordMain.groovy:20)&#xD;
	at com.kms.katalon.core.webui.keyword.builtin.ClickKeyword.click(ClickKeyword.groovy:86)&#xD;
	at com.kms.katalon.core.webui.keyword.builtin.ClickKeyword.execute(ClickKeyword.groovy:67)&#xD;
	at com.kms.katalon.core.keyword.internal.KeywordExecutor.executeKeywordForPlatform(KeywordExecutor.groovy:56)&#xD;
	at com.kms.katalon.core.webui.keyword.WebUiBuiltInKeywords.click(WebUiBuiltInKeywords.groovy:616)&#xD;
	at com.kms.katalon.core.webui.keyword.WebUiBuiltInKeywords$click$4.call(Unknown Source)&#xD;
	at Script1564561891704.run(Script1564561891704.groovy:28)&#xD;
	... 13 more&#xD;
)&#xD;
&#xD;
2019-08-06 11:29:58 - [MESSAGE][INFO] - Unable to find the element located by 'By.xpath: (//button[@type='button'])[3]'. Please recheck the objects properties to make sure the desired element is located. &#xD;
&#xD;
2019-08-06 11:29:58 - [MESSAGE][FAILED] - Unable to click on object 'Object Repository/Page_BusinessRadar-Client 700/Buttons/button_KAMPAGNEN BEARBEITUNG (1)' (Root cause: com.kms.katalon.core.exception.StepFailedException: Unable to click on object 'Object Repository/Page_BusinessRadar-Client 700/Buttons/button_KAMPAGNEN BEARBEITUNG (1)'&#xD;
	at com.kms.katalon.core.webui.keyword.internal.WebUIKeywordMain.stepFailed(WebUIKeywordMain.groovy:64)&#xD;
	at com.kms.katalon.core.webui.keyword.internal.WebUIKeywordMain.runKeyword(WebUIKeywordMain.groovy:26)&#xD;
	at com.kms.katalon.core.webui.keyword.builtin.ClickKeyword.click(ClickKeyword.groovy:86)&#xD;
	at com.kms.katalon.core.webui.keyword.builtin.ClickKeyword.execute(ClickKeyword.groovy:67)&#xD;
	at com.kms.katalon.core.keyword.internal.KeywordExecutor.executeKeywordForPlatform(KeywordExecutor.groovy:56)&#xD;
	at com.kms.katalon.core.webui.keyword.WebUiBuiltInKeywords.click(WebUiBuiltInKeywords.groovy:616)&#xD;
	at com.kms.katalon.core.webui.keyword.WebUiBuiltInKeywords$click$4.call(Unknown Source)&#xD;
	at V7 715.run(V7 715:28)&#xD;
	at com.kms.katalon.core.main.ScriptEngine.run(ScriptEngine.java:194)&#xD;
	at com.kms.katalon.core.main.ScriptEngine.runScriptAsRawText(ScriptEngine.java:119)&#xD;
	at com.kms.katalon.core.main.TestCaseExecutor.runScript(TestCaseExecutor.java:337)&#xD;
	at com.kms.katalon.core.main.TestCaseExecutor.doExecute(TestCaseExecutor.java:328)&#xD;
	at com.kms.katalon.core.main.TestCaseExecutor.processExecutionPhase(TestCaseExecutor.java:307)&#xD;
	at com.kms.katalon.core.main.TestCaseExecutor.accessMainPhase(TestCaseExecutor.java:299)&#xD;
	at com.kms.katalon.core.main.TestCaseExecutor.execute(TestCaseExecutor.java:233)&#xD;
	at com.kms.katalon.core.main.TestSuiteExecutor.accessTestCaseMainPhase(TestSuiteExecutor.java:133)&#xD;
	at com.kms.katalon.core.main.TestSuiteExecutor.accessTestSuiteMainPhase(TestSuiteExecutor.java:116)&#xD;
	at com.kms.katalon.core.main.TestSuiteExecutor.execute(TestSuiteExecutor.java:83)&#xD;
	at com.kms.katalon.core.main.TestCaseMain.startTestSuite(TestCaseMain.java:157)&#xD;
	at com.kms.katalon.core.main.TestCaseMain$startTestSuite$0.call(Unknown Source)&#xD;
	at TempTestSuite1565083748703.run(TempTestSuite1565083748703.groovy:35)&#xD;
Caused by: com.kms.katalon.core.webui.exception.WebElementNotFoundException: Web element with id: 'Object Repository/Page_BusinessRadar-Client 700/Buttons/button_KAMPAGNEN BEARBEITUNG (1)' located by 'By.xpath: (//button[@type='button'])[3]' not found&#xD;
	at com.kms.katalon.core.webui.common.WebUiCommonHelper.findWebElement(WebUiCommonHelper.java:1097)&#xD;
	at com.kms.katalon.core.webui.keyword.internal.WebUIAbstractKeyword.findWebElement(WebUIAbstractKeyword.groovy:27)&#xD;
	at com.kms.katalon.core.webui.keyword.internal.WebUIAbstractKeyword.findWebElement(WebUIAbstractKeyword.groovy:26)&#xD;
	at com.kms.katalon.core.webui.keyword.builtin.ClickKeyword$_click_closure1.doCall(ClickKeyword.groovy:77)&#xD;
	at com.kms.katalon.core.webui.keyword.builtin.ClickKeyword$_click_closure1.call(ClickKeyword.groovy)&#xD;
	at com.kms.katalon.core.webui.keyword.internal.WebUIKeywordMain.runKeyword(WebUIKeywordMain.groovy:20)&#xD;
	at com.kms.katalon.core.webui.keyword.builtin.ClickKeyword.click(ClickKeyword.groovy:86)&#xD;
	at com.kms.katalon.core.webui.keyword.builtin.ClickKeyword.execute(ClickKeyword.groovy:67)&#xD;
	at com.kms.katalon.core.keyword.internal.KeywordExecutor.executeKeywordForPlatform(KeywordExecutor.groovy:56)&#xD;
	at com.kms.katalon.core.webui.keyword.WebUiBuiltInKeywords.click(WebUiBuiltInKeywords.groovy:616)&#xD;
	at com.kms.katalon.core.webui.keyword.WebUiBuiltInKeywords$click$4.call(Unknown Source)&#xD;
	at Script1564561891704.run(Script1564561891704.groovy:28)&#xD;
	... 13 more&#xD;
)&#xD;
[[ATTACHMENT|C:\\Users\\kbr\\git\\V7\\V7\\V7\\Reports\\V7 Bugs\\20190806_112908\\1565083798054.png]]</system-out>
            <system-err>2019-08-06 11:29:12 - [TEST_CASE][FAILED] - Test Cases/V7 Bugs/V7 715: Test Cases/V7 Bugs/V7 715 FAILED.
Reason:
com.kms.katalon.core.exception.StepFailedException: Unable to click on object 'Object Repository/Page_BusinessRadar-Client 700/Buttons/button_KAMPAGNEN BEARBEITUNG (1)'&#xD;
	at com.kms.katalon.core.webui.keyword.internal.WebUIKeywordMain.stepFailed(WebUIKeywordMain.groovy:64)&#xD;
	at com.kms.katalon.core.webui.keyword.internal.WebUIKeywordMain.runKeyword(WebUIKeywordMain.groovy:26)&#xD;
	at com.kms.katalon.core.webui.keyword.builtin.ClickKeyword.click(ClickKeyword.groovy:86)&#xD;
	at com.kms.katalon.core.webui.keyword.builtin.ClickKeyword.execute(ClickKeyword.groovy:67)&#xD;
	at com.kms.katalon.core.keyword.internal.KeywordExecutor.executeKeywordForPlatform(KeywordExecutor.groovy:56)&#xD;
	at com.kms.katalon.core.webui.keyword.WebUiBuiltInKeywords.click(WebUiBuiltInKeywords.groovy:616)&#xD;
	at com.kms.katalon.core.webui.keyword.WebUiBuiltInKeywords$click$4.call(Unknown Source)&#xD;
	at V7 715.run(V7 715:28)&#xD;
	at com.kms.katalon.core.main.ScriptEngine.run(ScriptEngine.java:194)&#xD;
	at com.kms.katalon.core.main.ScriptEngine.runScriptAsRawText(ScriptEngine.java:119)&#xD;
	at com.kms.katalon.core.main.TestCaseExecutor.runScript(TestCaseExecutor.java:337)&#xD;
	at com.kms.katalon.core.main.TestCaseExecutor.doExecute(TestCaseExecutor.java:328)&#xD;
	at com.kms.katalon.core.main.TestCaseExecutor.processExecutionPhase(TestCaseExecutor.java:307)&#xD;
	at com.kms.katalon.core.main.TestCaseExecutor.accessMainPhase(TestCaseExecutor.java:299)&#xD;
	at com.kms.katalon.core.main.TestCaseExecutor.execute(TestCaseExecutor.java:233)&#xD;
	at com.kms.katalon.core.main.TestSuiteExecutor.accessTestCaseMainPhase(TestSuiteExecutor.java:133)&#xD;
	at com.kms.katalon.core.main.TestSuiteExecutor.accessTestSuiteMainPhase(TestSuiteExecutor.java:116)&#xD;
	at com.kms.katalon.core.main.TestSuiteExecutor.execute(TestSuiteExecutor.java:83)&#xD;
	at com.kms.katalon.core.main.TestCaseMain.startTestSuite(TestCaseMain.java:157)&#xD;
	at com.kms.katalon.core.main.TestCaseMain$startTestSuite$0.call(Unknown Source)&#xD;
	at TempTestSuite1565083748703.run(TempTestSuite1565083748703.groovy:35)&#xD;
Caused by: com.kms.katalon.core.webui.exception.WebElementNotFoundException: Web element with id: 'Object Repository/Page_BusinessRadar-Client 700/Buttons/button_KAMPAGNEN BEARBEITUNG (1)' located by 'By.xpath: (//button[@type='button'])[3]' not found&#xD;
	at com.kms.katalon.core.webui.common.WebUiCommonHelper.findWebElement(WebUiCommonHelper.java:1097)&#xD;
	at com.kms.katalon.core.webui.keyword.internal.WebUIAbstractKeyword.findWebElement(WebUIAbstractKeyword.groovy:27)&#xD;
	at com.kms.katalon.core.webui.keyword.internal.WebUIAbstractKeyword.findWebElement(WebUIAbstractKeyword.groovy:26)&#xD;
	at com.kms.katalon.core.webui.keyword.builtin.ClickKeyword$_click_closure1.doCall(ClickKeyword.groovy:77)&#xD;
	at com.kms.katalon.core.webui.keyword.builtin.ClickKeyword$_click_closure1.call(ClickKeyword.groovy)&#xD;
	at com.kms.katalon.core.webui.keyword.internal.WebUIKeywordMain.runKeyword(WebUIKeywordMain.groovy:20)&#xD;
	... 19 more</system-err>
        </testcase>
        <testcase name="Test Cases/V7 Bugs/V7 732" classname="Test Cases/V7 Bugs/V7 732" status="ERROR">
            <error type="ERROR" message="Test Cases/V7 Bugs/V7 732 FAILED.&#xA;Reason:&#xA;org.codehaus.groovy.runtime.InvokerInvocationException: com.kms.katalon.core.webui.exception.WebElementNotFoundException: Web element with id: 'Object Repository/Page_BusinessRadar-Client 700/Drag/div_Und_operator and' located by 'By.xpath: (.//*[normalize-space(text()) and normalize-space(.)='Und'])[1]/following::div[2]' not found&#xD;&#xA;&#x9;at com.kms.katalon.keyword.draganddrop.DragAndDropKeywords.invokeMethod(DragAndDropKeywords.groovy)&#xD;&#xA;&#x9;at com.kms.katalon.core.main.CustomKeywordDelegatingMetaClass.invokeStaticMethod(CustomKeywordDelegatingMetaClass.java:50)&#xD;&#xA;&#x9;at V7 732.run(V7 732:29)&#xD;&#xA;&#x9;at com.kms.katalon.core.main.ScriptEngine.run(ScriptEngine.java:194)&#xD;&#xA;&#x9;at com.kms.katalon.core.main.ScriptEngine.runScriptAsRawText(ScriptEngine.java:119)&#xD;&#xA;&#x9;at com.kms.katalon.core.main.TestCaseExecutor.runScript(TestCaseExecutor.java:337)&#xD;&#xA;&#x9;at com.kms.katalon.core.main.TestCaseExecutor.doExecute(TestCaseExecutor.java:328)&#xD;&#xA;&#x9;at com.kms.katalon.core.main.TestCaseExecutor.processExecutionPhase(TestCaseExecutor.java:307)&#xD;&#xA;&#x9;at com.kms.katalon.core.main.TestCaseExecutor.accessMainPhase(TestCaseExecutor.java:299)&#xD;&#xA;&#x9;at com.kms.katalon.core.main.TestCaseExecutor.execute(TestCaseExecutor.java:233)&#xD;&#xA;&#x9;at com.kms.katalon.core.main.TestSuiteExecutor.accessTestCaseMainPhase(TestSuiteExecutor.java:133)&#xD;&#xA;&#x9;at com.kms.katalon.core.main.TestSuiteExecutor.accessTestSuiteMainPhase(TestSuiteExecutor.java:116)&#xD;&#xA;&#x9;at com.kms.katalon.core.main.TestSuiteExecutor.execute(TestSuiteExecutor.java:83)&#xD;&#xA;&#x9;at com.kms.katalon.core.main.TestCaseMain.startTestSuite(TestCaseMain.java:157)&#xD;&#xA;&#x9;at com.kms.katalon.core.main.TestCaseMain$startTestSuite$0.call(Unknown Source)&#xD;&#xA;&#x9;at TempTestSuite1565083748703.run(TempTestSuite1565083748703.groovy:35)&#xD;&#xA;Caused by: com.kms.katalon.core.webui.exception.WebElementNotFoundException: Web element with id: 'Object Repository/Page_BusinessRadar-Client 700/Drag/div_Und_operator and' located by 'By.xpath: (.//*[normalize-space(text()) and normalize-space(.)='Und'])[1]/following::div[2]' not found&#xD;&#xA;&#x9;at com.kms.katalon.core.webui.common.WebUiCommonHelper.findWebElement(WebUiCommonHelper.java:1097)&#xD;&#xA;&#x9;at com.kms.katalon.core.webui.keyword.internal.WebUIAbstractKeyword.findWebElement(WebUIAbstractKeyword.groovy:27)&#xD;&#xA;&#x9;at com.kms.katalon.core.webui.keyword.WebUiBuiltInKeywords.findWebElement(WebUiBuiltInKeywords.groovy:2812)&#xD;&#xA;&#x9;at com.kms.katalon.core.webui.keyword.WebUiBuiltInKeywords.findWebElement(WebUiBuiltInKeywords.groovy:2811)&#xD;&#xA;&#x9;at com.kms.katalon.keyword.draganddrop.DragAndDropKeywords.dragAndDropHtml5(DragAndDropKeywords.groovy:38)&#xD;&#xA;&#x9;... 16 more&#xD;&#xA;"/>
            <system-out>2019-08-06 11:29:58 - [TEST_CASE][ERROR] - Test Cases/V7 Bugs/V7 732: Test Cases/V7 Bugs/V7 732 FAILED.
Reason:
org.codehaus.groovy.runtime.InvokerInvocationException: com.kms.katalon.core.webui.exception.WebElementNotFoundException: Web element with id: 'Object Repository/Page_BusinessRadar-Client 700/Drag/div_Und_operator and' located by 'By.xpath: (.//*[normalize-space(text()) and normalize-space(.)='Und'])[1]/following::div[2]' not found&#xD;
	at com.kms.katalon.keyword.draganddrop.DragAndDropKeywords.invokeMethod(DragAndDropKeywords.groovy)&#xD;
	at com.kms.katalon.core.main.CustomKeywordDelegatingMetaClass.invokeStaticMethod(CustomKeywordDelegatingMetaClass.java:50)&#xD;
	at V7 732.run(V7 732:29)&#xD;
	at com.kms.katalon.core.main.ScriptEngine.run(ScriptEngine.java:194)&#xD;
	at com.kms.katalon.core.main.ScriptEngine.runScriptAsRawText(ScriptEngine.java:119)&#xD;
	at com.kms.katalon.core.main.TestCaseExecutor.runScript(TestCaseExecutor.java:337)&#xD;
	at com.kms.katalon.core.main.TestCaseExecutor.doExecute(TestCaseExecutor.java:328)&#xD;
	at com.kms.katalon.core.main.TestCaseExecutor.processExecutionPhase(TestCaseExecutor.java:307)&#xD;
	at com.kms.katalon.core.main.TestCaseExecutor.accessMainPhase(TestCaseExecutor.java:299)&#xD;
	at com.kms.katalon.core.main.TestCaseExecutor.execute(TestCaseExecutor.java:233)&#xD;
	at com.kms.katalon.core.main.TestSuiteExecutor.accessTestCaseMainPhase(TestSuiteExecutor.java:133)&#xD;
	at com.kms.katalon.core.main.TestSuiteExecutor.accessTestSuiteMainPhase(TestSuiteExecutor.java:116)&#xD;
	at com.kms.katalon.core.main.TestSuiteExecutor.execute(TestSuiteExecutor.java:83)&#xD;
	at com.kms.katalon.core.main.TestCaseMain.startTestSuite(TestCaseMain.java:157)&#xD;
	at com.kms.katalon.core.main.TestCaseMain$startTestSuite$0.call(Unknown Source)&#xD;
	at TempTestSuite1565083748703.run(TempTestSuite1565083748703.groovy:35)&#xD;
Caused by: com.kms.katalon.core.webui.exception.WebElementNotFoundException: Web element with id: 'Object Repository/Page_BusinessRadar-Client 700/Drag/div_Und_operator and' located by 'By.xpath: (.//*[normalize-space(text()) and normalize-space(.)='Und'])[1]/following::div[2]' not found&#xD;
	at com.kms.katalon.core.webui.common.WebUiCommonHelper.findWebElement(WebUiCommonHelper.java:1097)&#xD;
	at com.kms.katalon.core.webui.keyword.internal.WebUIAbstractKeyword.findWebElement(WebUIAbstractKeyword.groovy:27)&#xD;
	at com.kms.katalon.core.webui.keyword.WebUiBuiltInKeywords.findWebElement(WebUiBuiltInKeywords.groovy:2812)&#xD;
	at com.kms.katalon.core.webui.keyword.WebUiBuiltInKeywords.findWebElement(WebUiBuiltInKeywords.groovy:2811)&#xD;
	at com.kms.katalon.keyword.draganddrop.DragAndDropKeywords.dragAndDropHtml5(DragAndDropKeywords.groovy:38)&#xD;
	... 16 more&#xD;
&#xD;
&#xD;
2019-08-06 11:29:58 - [TEST_STEP][PASSED] - openBrowser(""): Browser is opened with url: ''&#xD;
&#xD;
2019-08-06 11:29:58 - [MESSAGE][WARNING] - A browser is already opened. Closing browser and opening a new one&#xD;
&#xD;
2019-08-06 11:29:59 - [MESSAGE][INFO] - Starting 'Chrome (headless)' driver&#xD;
&#xD;
2019-08-06 11:30:01 - [MESSAGE][PASSED] - Browser is opened with url: ''&#xD;
&#xD;
2019-08-06 11:30:01 - [TEST_STEP][PASSED] - navigateToUrl("https://nostromo.profect.de:8444/v7-snapshot/#/main"): Navigate to 'https://nostromo.profect.de:8444/v7-snapshot/#/main' successfully&#xD;
&#xD;
2019-08-06 11:30:11 - [MESSAGE][PASSED] - Navigate to 'https://nostromo.profect.de:8444/v7-snapshot/#/main' successfully&#xD;
&#xD;
2019-08-06 11:30:11 - [TEST_STEP][PASSED] - setText(findTestObject("Page_BusinessRadar-Client 700/Input fields/input_Login_username"), "demo"): Text 'demo' is set on object 'Object Repository/Page_BusinessRadar-Client 700/Input fields/input_Login_username'&#xD;
&#xD;
2019-08-06 11:30:11 - [MESSAGE][PASSED] - Text 'demo' is set on object 'Object Repository/Page_BusinessRadar-Client 700/Input fields/input_Login_username'&#xD;
&#xD;
2019-08-06 11:30:11 - [TEST_STEP][PASSED] - setEncryptedText(findTestObject("Page_BusinessRadar-Client 700/Input fields/input_Nutzername_password"), "W3BsrpIC7rG/OMTzTgbg+A=="): Text ****** has been set on object 'Object Repository/Page_BusinessRadar-Client 700/Input fields/input_Nutzername_password'&#xD;
&#xD;
2019-08-06 11:30:12 - [MESSAGE][PASSED] - Text ****** has been set on object 'Object Repository/Page_BusinessRadar-Client 700/Input fields/input_Nutzername_password'&#xD;
&#xD;
2019-08-06 11:30:12 - [TEST_STEP][PASSED] - click(findTestObject("Page_BusinessRadar-Client 700/Buttons/button_ANMELDEN")): Object: 'Object Repository/Page_BusinessRadar-Client 700/Buttons/button_ANMELDEN' is clicked on&#xD;
&#xD;
2019-08-06 11:30:12 - [MESSAGE][PASSED] - Object: 'Object Repository/Page_BusinessRadar-Client 700/Buttons/button_ANMELDEN' is clicked on&#xD;
&#xD;
2019-08-06 11:30:12 - [TEST_STEP][PASSED] - click(findTestObject("Page_BusinessRadar-Client 700/Buttons/button_SELEKTIEREN")): Object: 'Object Repository/Page_BusinessRadar-Client 700/Buttons/button_SELEKTIEREN' is clicked on&#xD;
&#xD;
2019-08-06 11:30:12 - [MESSAGE][PASSED] - Object: 'Object Repository/Page_BusinessRadar-Client 700/Buttons/button_SELEKTIEREN' is clicked on&#xD;
&#xD;
2019-08-06 11:30:12 - [TEST_STEP][ERROR] - com.kms.katalon.keyword.draganddrop.DragAndDropKeywords.dragAndDropHtml5(findTestObject("Object Repository/Page_BusinessRadar-Client 700/Drag/div_Und_operator and"), findTestObject("Object Repository/Page_BusinessRadar-Client 700/Trichter/div_VERKNPFUNG NDERN Und Oder  Ohne  XOR")): com.kms.katalon.core.webui.exception.WebElementNotFoundException: Web element with id: 'Object Repository/Page_BusinessRadar-Client 700/Drag/div_Und_operator and' located by 'By.xpath: (.//*[normalize-space(text()) and normalize-space(.)='Und'])[1]/following::div[2]' not found&#xD;
&#xD;
2019-08-06 11:30:43 - [MESSAGE][INFO] - Unable to find the element located by 'By.xpath: (.//*[normalize-space(text()) and normalize-space(.)='Und'])[1]/following::div[2]'. Please recheck the objects properties to make sure the desired element is located. &#xD;
&#xD;
2019-08-06 11:30:43 - [MESSAGE][ERROR] - com.kms.katalon.core.webui.exception.WebElementNotFoundException: Web element with id: 'Object Repository/Page_BusinessRadar-Client 700/Drag/div_Und_operator and' located by 'By.xpath: (.//*[normalize-space(text()) and normalize-space(.)='Und'])[1]/following::div[2]' not found</system-out>
            <system-err>2019-08-06 11:29:58 - [TEST_CASE][ERROR] - Test Cases/V7 Bugs/V7 732: Test Cases/V7 Bugs/V7 732 FAILED.
Reason:
org.codehaus.groovy.runtime.InvokerInvocationException: com.kms.katalon.core.webui.exception.WebElementNotFoundException: Web element with id: 'Object Repository/Page_BusinessRadar-Client 700/Drag/div_Und_operator and' located by 'By.xpath: (.//*[normalize-space(text()) and normalize-space(.)='Und'])[1]/following::div[2]' not found&#xD;
	at com.kms.katalon.keyword.draganddrop.DragAndDropKeywords.invokeMethod(DragAndDropKeywords.groovy)&#xD;
	at com.kms.katalon.core.main.CustomKeywordDelegatingMetaClass.invokeStaticMethod(CustomKeywordDelegatingMetaClass.java:50)&#xD;
	at V7 732.run(V7 732:29)&#xD;
	at com.kms.katalon.core.main.ScriptEngine.run(ScriptEngine.java:194)&#xD;
	at com.kms.katalon.core.main.ScriptEngine.runScriptAsRawText(ScriptEngine.java:119)&#xD;
	at com.kms.katalon.core.main.TestCaseExecutor.runScript(TestCaseExecutor.java:337)&#xD;
	at com.kms.katalon.core.main.TestCaseExecutor.doExecute(TestCaseExecutor.java:328)&#xD;
	at com.kms.katalon.core.main.TestCaseExecutor.processExecutionPhase(TestCaseExecutor.java:307)&#xD;
	at com.kms.katalon.core.main.TestCaseExecutor.accessMainPhase(TestCaseExecutor.java:299)&#xD;
	at com.kms.katalon.core.main.TestCaseExecutor.execute(TestCaseExecutor.java:233)&#xD;
	at com.kms.katalon.core.main.TestSuiteExecutor.accessTestCaseMainPhase(TestSuiteExecutor.java:133)&#xD;
	at com.kms.katalon.core.main.TestSuiteExecutor.accessTestSuiteMainPhase(TestSuiteExecutor.java:116)&#xD;
	at com.kms.katalon.core.main.TestSuiteExecutor.execute(TestSuiteExecutor.java:83)&#xD;
	at com.kms.katalon.core.main.TestCaseMain.startTestSuite(TestCaseMain.java:157)&#xD;
	at com.kms.katalon.core.main.TestCaseMain$startTestSuite$0.call(Unknown Source)&#xD;
	at TempTestSuite1565083748703.run(TempTestSuite1565083748703.groovy:35)&#xD;
Caused by: com.kms.katalon.core.webui.exception.WebElementNotFoundException: Web element with id: 'Object Repository/Page_BusinessRadar-Client 700/Drag/div_Und_operator and' located by 'By.xpath: (.//*[normalize-space(text()) and normalize-space(.)='Und'])[1]/following::div[2]' not found&#xD;
	at com.kms.katalon.core.webui.common.WebUiCommonHelper.findWebElement(WebUiCommonHelper.java:1097)&#xD;
	at com.kms.katalon.core.webui.keyword.internal.WebUIAbstractKeyword.findWebElement(WebUIAbstractKeyword.groovy:27)&#xD;
	at com.kms.katalon.core.webui.keyword.WebUiBuiltInKeywords.findWebElement(WebUiBuiltInKeywords.groovy:2812)&#xD;
	at com.kms.katalon.core.webui.keyword.WebUiBuiltInKeywords.findWebElement(WebUiBuiltInKeywords.groovy:2811)&#xD;
	at com.kms.katalon.keyword.draganddrop.DragAndDropKeywords.dragAndDropHtml5(DragAndDropKeywords.groovy:38)&#xD;
	... 16 more</system-err>
        </testcase>
        <testcase name="Test Cases/V7 Bugs/V7 747" classname="Test Cases/V7 Bugs/V7 747" status="FAILED">
            <failure type="FAILED" message="Test Cases/V7 Bugs/V7 747 FAILED.&#xA;Reason:&#xA;com.kms.katalon.core.exception.StepFailedException: Unable to double click on object 'Object Repository/Page_BusinessRadar-Client 700/Trichter/div_VERKNPFUNG NDERN Und Oder  Ohne  XOR'&#xD;&#xA;&#x9;at com.kms.katalon.core.webui.keyword.internal.WebUIKeywordMain.stepFailed(WebUIKeywordMain.groovy:64)&#xD;&#xA;&#x9;at com.kms.katalon.core.webui.keyword.internal.WebUIKeywordMain.runKeyword(WebUIKeywordMain.groovy:26)&#xD;&#xA;&#x9;at com.kms.katalon.core.webui.keyword.builtin.DoubleClickKeyword.doubleClick(DoubleClickKeyword.groovy:87)&#xD;&#xA;&#x9;at com.kms.katalon.core.webui.keyword.builtin.DoubleClickKeyword.execute(DoubleClickKeyword.groovy:67)&#xD;&#xA;&#x9;at com.kms.katalon.core.keyword.internal.KeywordExecutor.executeKeywordForPlatform(KeywordExecutor.groovy:56)&#xD;&#xA;&#x9;at com.kms.katalon.core.webui.keyword.WebUiBuiltInKeywords.doubleClick(WebUiBuiltInKeywords.groovy:697)&#xD;&#xA;&#x9;at com.kms.katalon.core.webui.keyword.WebUiBuiltInKeywords$doubleClick$5.call(Unknown Source)&#xD;&#xA;&#x9;at V7 747.run(V7 747:28)&#xD;&#xA;&#x9;at com.kms.katalon.core.main.ScriptEngine.run(ScriptEngine.java:194)&#xD;&#xA;&#x9;at com.kms.katalon.core.main.ScriptEngine.runScriptAsRawText(ScriptEngine.java:119)&#xD;&#xA;&#x9;at com.kms.katalon.core.main.TestCaseExecutor.runScript(TestCaseExecutor.java:337)&#xD;&#xA;&#x9;at com.kms.katalon.core.main.TestCaseExecutor.doExecute(TestCaseExecutor.java:328)&#xD;&#xA;&#x9;at com.kms.katalon.core.main.TestCaseExecutor.processExecutionPhase(TestCaseExecutor.java:307)&#xD;&#xA;&#x9;at com.kms.katalon.core.main.TestCaseExecutor.accessMainPhase(TestCaseExecutor.java:299)&#xD;&#xA;&#x9;at com.kms.katalon.core.main.TestCaseExecutor.execute(TestCaseExecutor.java:233)&#xD;&#xA;&#x9;at com.kms.katalon.core.main.TestSuiteExecutor.accessTestCaseMainPhase(TestSuiteExecutor.java:133)&#xD;&#xA;&#x9;at com.kms.katalon.core.main.TestSuiteExecutor.accessTestSuiteMainPhase(TestSuiteExecutor.java:116)&#xD;&#xA;&#x9;at com.kms.katalon.core.main.TestSuiteExecutor.execute(TestSuiteExecutor.java:83)&#xD;&#xA;&#x9;at com.kms.katalon.core.main.TestCaseMain.startTestSuite(TestCaseMain.java:157)&#xD;&#xA;&#x9;at com.kms.katalon.core.main.TestCaseMain$startTestSuite$0.call(Unknown Source)&#xD;&#xA;&#x9;at TempTestSuite1565083748703.run(TempTestSuite1565083748703.groovy:35)&#xD;&#xA;Caused by: com.kms.katalon.core.webui.exception.WebElementNotFoundException: Web element with id: 'Object Repository/Page_BusinessRadar-Client 700/Trichter/div_VERKNPFUNG NDERN Und Oder  Ohne  XOR' located by 'By.xpath: //div[@id='tile_47']/div/div[2]' not found&#xD;&#xA;&#x9;at com.kms.katalon.core.webui.common.WebUiCommonHelper.findWebElement(WebUiCommonHelper.java:1097)&#xD;&#xA;&#x9;at com.kms.katalon.core.webui.keyword.internal.WebUIAbstractKeyword.findWebElement(WebUIAbstractKeyword.groovy:27)&#xD;&#xA;&#x9;at com.kms.katalon.core.webui.keyword.internal.WebUIAbstractKeyword.findWebElement(WebUIAbstractKeyword.groovy:26)&#xD;&#xA;&#x9;at com.kms.katalon.core.webui.keyword.builtin.DoubleClickKeyword$_doubleClick_closure1.doCall(DoubleClickKeyword.groovy:77)&#xD;&#xA;&#x9;at com.kms.katalon.core.webui.keyword.builtin.DoubleClickKeyword$_doubleClick_closure1.call(DoubleClickKeyword.groovy)&#xD;&#xA;&#x9;at com.kms.katalon.core.webui.keyword.internal.WebUIKeywordMain.runKeyword(WebUIKeywordMain.groovy:20)&#xD;&#xA;&#x9;... 19 more&#xD;&#xA;"/>
            <system-out>2019-08-06 11:30:43 - [TEST_CASE][FAILED] - Test Cases/V7 Bugs/V7 747: Test Cases/V7 Bugs/V7 747 FAILED.
Reason:
com.kms.katalon.core.exception.StepFailedException: Unable to double click on object 'Object Repository/Page_BusinessRadar-Client 700/Trichter/div_VERKNPFUNG NDERN Und Oder  Ohne  XOR'&#xD;
	at com.kms.katalon.core.webui.keyword.internal.WebUIKeywordMain.stepFailed(WebUIKeywordMain.groovy:64)&#xD;
	at com.kms.katalon.core.webui.keyword.internal.WebUIKeywordMain.runKeyword(WebUIKeywordMain.groovy:26)&#xD;
	at com.kms.katalon.core.webui.keyword.builtin.DoubleClickKeyword.doubleClick(DoubleClickKeyword.groovy:87)&#xD;
	at com.kms.katalon.core.webui.keyword.builtin.DoubleClickKeyword.execute(DoubleClickKeyword.groovy:67)&#xD;
	at com.kms.katalon.core.keyword.internal.KeywordExecutor.executeKeywordForPlatform(KeywordExecutor.groovy:56)&#xD;
	at com.kms.katalon.core.webui.keyword.WebUiBuiltInKeywords.doubleClick(WebUiBuiltInKeywords.groovy:697)&#xD;
	at com.kms.katalon.core.webui.keyword.WebUiBuiltInKeywords$doubleClick$5.call(Unknown Source)&#xD;
	at V7 747.run(V7 747:28)&#xD;
	at com.kms.katalon.core.main.ScriptEngine.run(ScriptEngine.java:194)&#xD;
	at com.kms.katalon.core.main.ScriptEngine.runScriptAsRawText(ScriptEngine.java:119)&#xD;
	at com.kms.katalon.core.main.TestCaseExecutor.runScript(TestCaseExecutor.java:337)&#xD;
	at com.kms.katalon.core.main.TestCaseExecutor.doExecute(TestCaseExecutor.java:328)&#xD;
	at com.kms.katalon.core.main.TestCaseExecutor.processExecutionPhase(TestCaseExecutor.java:307)&#xD;
	at com.kms.katalon.core.main.TestCaseExecutor.accessMainPhase(TestCaseExecutor.java:299)&#xD;
	at com.kms.katalon.core.main.TestCaseExecutor.execute(TestCaseExecutor.java:233)&#xD;
	at com.kms.katalon.core.main.TestSuiteExecutor.accessTestCaseMainPhase(TestSuiteExecutor.java:133)&#xD;
	at com.kms.katalon.core.main.TestSuiteExecutor.accessTestSuiteMainPhase(TestSuiteExecutor.java:116)&#xD;
	at com.kms.katalon.core.main.TestSuiteExecutor.execute(TestSuiteExecutor.java:83)&#xD;
	at com.kms.katalon.core.main.TestCaseMain.startTestSuite(TestCaseMain.java:157)&#xD;
	at com.kms.katalon.core.main.TestCaseMain$startTestSuite$0.call(Unknown Source)&#xD;
	at TempTestSuite1565083748703.run(TempTestSuite1565083748703.groovy:35)&#xD;
Caused by: com.kms.katalon.core.webui.exception.WebElementNotFoundException: Web element with id: 'Object Repository/Page_BusinessRadar-Client 700/Trichter/div_VERKNPFUNG NDERN Und Oder  Ohne  XOR' located by 'By.xpath: //div[@id='tile_47']/div/div[2]' not found&#xD;
	at com.kms.katalon.core.webui.common.WebUiCommonHelper.findWebElement(WebUiCommonHelper.java:1097)&#xD;
	at com.kms.katalon.core.webui.keyword.internal.WebUIAbstractKeyword.findWebElement(WebUIAbstractKeyword.groovy:27)&#xD;
	at com.kms.katalon.core.webui.keyword.internal.WebUIAbstractKeyword.findWebElement(WebUIAbstractKeyword.groovy:26)&#xD;
	at com.kms.katalon.core.webui.keyword.builtin.DoubleClickKeyword$_doubleClick_closure1.doCall(DoubleClickKeyword.groovy:77)&#xD;
	at com.kms.katalon.core.webui.keyword.builtin.DoubleClickKeyword$_doubleClick_closure1.call(DoubleClickKeyword.groovy)&#xD;
	at com.kms.katalon.core.webui.keyword.internal.WebUIKeywordMain.runKeyword(WebUIKeywordMain.groovy:20)&#xD;
	... 19 more&#xD;
&#xD;
&#xD;
2019-08-06 11:30:43 - [TEST_STEP][PASSED] - openBrowser(""): Browser is opened with url: ''&#xD;
&#xD;
2019-08-06 11:30:43 - [MESSAGE][WARNING] - A browser is already opened. Closing browser and opening a new one&#xD;
&#xD;
2019-08-06 11:30:44 - [MESSAGE][INFO] - Starting 'Chrome (headless)' driver&#xD;
&#xD;
2019-08-06 11:30:46 - [MESSAGE][PASSED] - Browser is opened with url: ''&#xD;
&#xD;
2019-08-06 11:30:46 - [TEST_STEP][PASSED] - navigateToUrl("https://nostromo.profect.de:8444/v7-snapshot/#/main"): Navigate to 'https://nostromo.profect.de:8444/v7-snapshot/#/main' successfully&#xD;
&#xD;
2019-08-06 11:30:56 - [MESSAGE][PASSED] - Navigate to 'https://nostromo.profect.de:8444/v7-snapshot/#/main' successfully&#xD;
&#xD;
2019-08-06 11:30:56 - [TEST_STEP][PASSED] - setText(findTestObject("Page_BusinessRadar-Client 700/Input fields/input_Login_username"), "demo"): Text 'demo' is set on object 'Object Repository/Page_BusinessRadar-Client 700/Input fields/input_Login_username'&#xD;
&#xD;
2019-08-06 11:30:56 - [MESSAGE][PASSED] - Text 'demo' is set on object 'Object Repository/Page_BusinessRadar-Client 700/Input fields/input_Login_username'&#xD;
&#xD;
2019-08-06 11:30:56 - [TEST_STEP][PASSED] - setEncryptedText(findTestObject("Page_BusinessRadar-Client 700/Input fields/input_Nutzername_password"), "W3BsrpIC7rG/OMTzTgbg+A=="): Text ****** has been set on object 'Object Repository/Page_BusinessRadar-Client 700/Input fields/input_Nutzername_password'&#xD;
&#xD;
2019-08-06 11:30:57 - [MESSAGE][PASSED] - Text ****** has been set on object 'Object Repository/Page_BusinessRadar-Client 700/Input fields/input_Nutzername_password'&#xD;
&#xD;
2019-08-06 11:30:57 - [TEST_STEP][PASSED] - click(findTestObject("Page_BusinessRadar-Client 700/Buttons/button_ANMELDEN")): Object: 'Object Repository/Page_BusinessRadar-Client 700/Buttons/button_ANMELDEN' is clicked on&#xD;
&#xD;
2019-08-06 11:30:57 - [MESSAGE][PASSED] - Object: 'Object Repository/Page_BusinessRadar-Client 700/Buttons/button_ANMELDEN' is clicked on&#xD;
&#xD;
2019-08-06 11:30:57 - [TEST_STEP][PASSED] - click(findTestObject("Page_BusinessRadar-Client 700/Buttons/button_SELEKTIEREN")): Object: 'Object Repository/Page_BusinessRadar-Client 700/Buttons/button_SELEKTIEREN' is clicked on&#xD;
&#xD;
2019-08-06 11:30:57 - [MESSAGE][PASSED] - Object: 'Object Repository/Page_BusinessRadar-Client 700/Buttons/button_SELEKTIEREN' is clicked on&#xD;
&#xD;
2019-08-06 11:30:57 - [TEST_STEP][FAILED] - doubleClick(findTestObject("Page_BusinessRadar-Client 700/Trichter/div_VERKNPFUNG NDERN Und Oder  Ohne  XOR")): Unable to double click on object 'Object Repository/Page_BusinessRadar-Client 700/Trichter/div_VERKNPFUNG NDERN Und Oder  Ohne  XOR' (Root cause: com.kms.katalon.core.exception.StepFailedException: Unable to double click on object 'Object Repository/Page_BusinessRadar-Client 700/Trichter/div_VERKNPFUNG NDERN Und Oder  Ohne  XOR'&#xD;
	at com.kms.katalon.core.webui.keyword.internal.WebUIKeywordMain.stepFailed(WebUIKeywordMain.groovy:64)&#xD;
	at com.kms.katalon.core.webui.keyword.internal.WebUIKeywordMain.runKeyword(WebUIKeywordMain.groovy:26)&#xD;
	at com.kms.katalon.core.webui.keyword.builtin.DoubleClickKeyword.doubleClick(DoubleClickKeyword.groovy:87)&#xD;
	at com.kms.katalon.core.webui.keyword.builtin.DoubleClickKeyword.execute(DoubleClickKeyword.groovy:67)&#xD;
	at com.kms.katalon.core.keyword.internal.KeywordExecutor.executeKeywordForPlatform(KeywordExecutor.groovy:56)&#xD;
	at com.kms.katalon.core.webui.keyword.WebUiBuiltInKeywords.doubleClick(WebUiBuiltInKeywords.groovy:697)&#xD;
	at com.kms.katalon.core.webui.keyword.WebUiBuiltInKeywords$doubleClick$5.call(Unknown Source)&#xD;
	at V7 747.run(V7 747:28)&#xD;
	at com.kms.katalon.core.main.ScriptEngine.run(ScriptEngine.java:194)&#xD;
	at com.kms.katalon.core.main.ScriptEngine.runScriptAsRawText(ScriptEngine.java:119)&#xD;
	at com.kms.katalon.core.main.TestCaseExecutor.runScript(TestCaseExecutor.java:337)&#xD;
	at com.kms.katalon.core.main.TestCaseExecutor.doExecute(TestCaseExecutor.java:328)&#xD;
	at com.kms.katalon.core.main.TestCaseExecutor.processExecutionPhase(TestCaseExecutor.java:307)&#xD;
	at com.kms.katalon.core.main.TestCaseExecutor.accessMainPhase(TestCaseExecutor.java:299)&#xD;
	at com.kms.katalon.core.main.TestCaseExecutor.execute(TestCaseExecutor.java:233)&#xD;
	at com.kms.katalon.core.main.TestSuiteExecutor.accessTestCaseMainPhase(TestSuiteExecutor.java:133)&#xD;
	at com.kms.katalon.core.main.TestSuiteExecutor.accessTestSuiteMainPhase(TestSuiteExecutor.java:116)&#xD;
	at com.kms.katalon.core.main.TestSuiteExecutor.execute(TestSuiteExecutor.java:83)&#xD;
	at com.kms.katalon.core.main.TestCaseMain.startTestSuite(TestCaseMain.java:157)&#xD;
	at com.kms.katalon.core.main.TestCaseMain$startTestSuite$0.call(Unknown Source)&#xD;
	at TempTestSuite1565083748703.run(TempTestSuite1565083748703.groovy:35)&#xD;
Caused by: com.kms.katalon.core.webui.exception.WebElementNotFoundException: Web element with id: 'Object Repository/Page_BusinessRadar-Client 700/Trichter/div_VERKNPFUNG NDERN Und Oder  Ohne  XOR' located by 'By.xpath: //div[@id='tile_47']/div/div[2]' not found&#xD;
	at com.kms.katalon.core.webui.common.WebUiCommonHelper.findWebElement(WebUiCommonHelper.java:1097)&#xD;
	at com.kms.katalon.core.webui.keyword.internal.WebUIAbstractKeyword.findWebElement(WebUIAbstractKeyword.groovy:27)&#xD;
	at com.kms.katalon.core.webui.keyword.internal.WebUIAbstractKeyword.findWebElement(WebUIAbstractKeyword.groovy:26)&#xD;
	at com.kms.katalon.core.webui.keyword.builtin.DoubleClickKeyword$_doubleClick_closure1.doCall(DoubleClickKeyword.groovy:77)&#xD;
	at com.kms.katalon.core.webui.keyword.builtin.DoubleClickKeyword$_doubleClick_closure1.call(DoubleClickKeyword.groovy)&#xD;
	at com.kms.katalon.core.webui.keyword.internal.WebUIKeywordMain.runKeyword(WebUIKeywordMain.groovy:20)&#xD;
	at com.kms.katalon.core.webui.keyword.builtin.DoubleClickKeyword.doubleClick(DoubleClickKeyword.groovy:87)&#xD;
	at com.kms.katalon.core.webui.keyword.builtin.DoubleClickKeyword.execute(DoubleClickKeyword.groovy:67)&#xD;
	at com.kms.katalon.core.keyword.internal.KeywordExecutor.executeKeywordForPlatform(KeywordExecutor.groovy:56)&#xD;
	at com.kms.katalon.core.webui.keyword.WebUiBuiltInKeywords.doubleClick(WebUiBuiltInKeywords.groovy:697)&#xD;
	at com.kms.katalon.core.webui.keyword.WebUiBuiltInKeywords$doubleClick$5.call(Unknown Source)&#xD;
	at Script1564561891759.run(Script1564561891759.groovy:28)&#xD;
	... 13 more&#xD;
)&#xD;
&#xD;
2019-08-06 11:31:28 - [MESSAGE][INFO] - Unable to find the element located by 'By.xpath: //div[@id='tile_47']/div/div[2]'. Please recheck the objects properties to make sure the desired element is located. &#xD;
&#xD;
2019-08-06 11:31:28 - [MESSAGE][FAILED] - Unable to double click on object 'Object Repository/Page_BusinessRadar-Client 700/Trichter/div_VERKNPFUNG NDERN Und Oder  Ohne  XOR' (Root cause: com.kms.katalon.core.exception.StepFailedException: Unable to double click on object 'Object Repository/Page_BusinessRadar-Client 700/Trichter/div_VERKNPFUNG NDERN Und Oder  Ohne  XOR'&#xD;
	at com.kms.katalon.core.webui.keyword.internal.WebUIKeywordMain.stepFailed(WebUIKeywordMain.groovy:64)&#xD;
	at com.kms.katalon.core.webui.keyword.internal.WebUIKeywordMain.runKeyword(WebUIKeywordMain.groovy:26)&#xD;
	at com.kms.katalon.core.webui.keyword.builtin.DoubleClickKeyword.doubleClick(DoubleClickKeyword.groovy:87)&#xD;
	at com.kms.katalon.core.webui.keyword.builtin.DoubleClickKeyword.execute(DoubleClickKeyword.groovy:67)&#xD;
	at com.kms.katalon.core.keyword.internal.KeywordExecutor.executeKeywordForPlatform(KeywordExecutor.groovy:56)&#xD;
	at com.kms.katalon.core.webui.keyword.WebUiBuiltInKeywords.doubleClick(WebUiBuiltInKeywords.groovy:697)&#xD;
	at com.kms.katalon.core.webui.keyword.WebUiBuiltInKeywords$doubleClick$5.call(Unknown Source)&#xD;
	at V7 747.run(V7 747:28)&#xD;
	at com.kms.katalon.core.main.ScriptEngine.run(ScriptEngine.java:194)&#xD;
	at com.kms.katalon.core.main.ScriptEngine.runScriptAsRawText(ScriptEngine.java:119)&#xD;
	at com.kms.katalon.core.main.TestCaseExecutor.runScript(TestCaseExecutor.java:337)&#xD;
	at com.kms.katalon.core.main.TestCaseExecutor.doExecute(TestCaseExecutor.java:328)&#xD;
	at com.kms.katalon.core.main.TestCaseExecutor.processExecutionPhase(TestCaseExecutor.java:307)&#xD;
	at com.kms.katalon.core.main.TestCaseExecutor.accessMainPhase(TestCaseExecutor.java:299)&#xD;
	at com.kms.katalon.core.main.TestCaseExecutor.execute(TestCaseExecutor.java:233)&#xD;
	at com.kms.katalon.core.main.TestSuiteExecutor.accessTestCaseMainPhase(TestSuiteExecutor.java:133)&#xD;
	at com.kms.katalon.core.main.TestSuiteExecutor.accessTestSuiteMainPhase(TestSuiteExecutor.java:116)&#xD;
	at com.kms.katalon.core.main.TestSuiteExecutor.execute(TestSuiteExecutor.java:83)&#xD;
	at com.kms.katalon.core.main.TestCaseMain.startTestSuite(TestCaseMain.java:157)&#xD;
	at com.kms.katalon.core.main.TestCaseMain$startTestSuite$0.call(Unknown Source)&#xD;
	at TempTestSuite1565083748703.run(TempTestSuite1565083748703.groovy:35)&#xD;
Caused by: com.kms.katalon.core.webui.exception.WebElementNotFoundException: Web element with id: 'Object Repository/Page_BusinessRadar-Client 700/Trichter/div_VERKNPFUNG NDERN Und Oder  Ohne  XOR' located by 'By.xpath: //div[@id='tile_47']/div/div[2]' not found&#xD;
	at com.kms.katalon.core.webui.common.WebUiCommonHelper.findWebElement(WebUiCommonHelper.java:1097)&#xD;
	at com.kms.katalon.core.webui.keyword.internal.WebUIAbstractKeyword.findWebElement(WebUIAbstractKeyword.groovy:27)&#xD;
	at com.kms.katalon.core.webui.keyword.internal.WebUIAbstractKeyword.findWebElement(WebUIAbstractKeyword.groovy:26)&#xD;
	at com.kms.katalon.core.webui.keyword.builtin.DoubleClickKeyword$_doubleClick_closure1.doCall(DoubleClickKeyword.groovy:77)&#xD;
	at com.kms.katalon.core.webui.keyword.builtin.DoubleClickKeyword$_doubleClick_closure1.call(DoubleClickKeyword.groovy)&#xD;
	at com.kms.katalon.core.webui.keyword.internal.WebUIKeywordMain.runKeyword(WebUIKeywordMain.groovy:20)&#xD;
	at com.kms.katalon.core.webui.keyword.builtin.DoubleClickKeyword.doubleClick(DoubleClickKeyword.groovy:87)&#xD;
	at com.kms.katalon.core.webui.keyword.builtin.DoubleClickKeyword.execute(DoubleClickKeyword.groovy:67)&#xD;
	at com.kms.katalon.core.keyword.internal.KeywordExecutor.executeKeywordForPlatform(KeywordExecutor.groovy:56)&#xD;
	at com.kms.katalon.core.webui.keyword.WebUiBuiltInKeywords.doubleClick(WebUiBuiltInKeywords.groovy:697)&#xD;
	at com.kms.katalon.core.webui.keyword.WebUiBuiltInKeywords$doubleClick$5.call(Unknown Source)&#xD;
	at Script1564561891759.run(Script1564561891759.groovy:28)&#xD;
	... 13 more&#xD;
)&#xD;
[[ATTACHMENT|C:\\Users\\kbr\\git\\V7\\V7\\V7\\Reports\\V7 Bugs\\20190806_112908\\1565083888516.png]]</system-out>
            <system-err>2019-08-06 11:30:43 - [TEST_CASE][FAILED] - Test Cases/V7 Bugs/V7 747: Test Cases/V7 Bugs/V7 747 FAILED.
Reason:
com.kms.katalon.core.exception.StepFailedException: Unable to double click on object 'Object Repository/Page_BusinessRadar-Client 700/Trichter/div_VERKNPFUNG NDERN Und Oder  Ohne  XOR'&#xD;
	at com.kms.katalon.core.webui.keyword.internal.WebUIKeywordMain.stepFailed(WebUIKeywordMain.groovy:64)&#xD;
	at com.kms.katalon.core.webui.keyword.internal.WebUIKeywordMain.runKeyword(WebUIKeywordMain.groovy:26)&#xD;
	at com.kms.katalon.core.webui.keyword.builtin.DoubleClickKeyword.doubleClick(DoubleClickKeyword.groovy:87)&#xD;
	at com.kms.katalon.core.webui.keyword.builtin.DoubleClickKeyword.execute(DoubleClickKeyword.groovy:67)&#xD;
	at com.kms.katalon.core.keyword.internal.KeywordExecutor.executeKeywordForPlatform(KeywordExecutor.groovy:56)&#xD;
	at com.kms.katalon.core.webui.keyword.WebUiBuiltInKeywords.doubleClick(WebUiBuiltInKeywords.groovy:697)&#xD;
	at com.kms.katalon.core.webui.keyword.WebUiBuiltInKeywords$doubleClick$5.call(Unknown Source)&#xD;
	at V7 747.run(V7 747:28)&#xD;
	at com.kms.katalon.core.main.ScriptEngine.run(ScriptEngine.java:194)&#xD;
	at com.kms.katalon.core.main.ScriptEngine.runScriptAsRawText(ScriptEngine.java:119)&#xD;
	at com.kms.katalon.core.main.TestCaseExecutor.runScript(TestCaseExecutor.java:337)&#xD;
	at com.kms.katalon.core.main.TestCaseExecutor.doExecute(TestCaseExecutor.java:328)&#xD;
	at com.kms.katalon.core.main.TestCaseExecutor.processExecutionPhase(TestCaseExecutor.java:307)&#xD;
	at com.kms.katalon.core.main.TestCaseExecutor.accessMainPhase(TestCaseExecutor.java:299)&#xD;
	at com.kms.katalon.core.main.TestCaseExecutor.execute(TestCaseExecutor.java:233)&#xD;
	at com.kms.katalon.core.main.TestSuiteExecutor.accessTestCaseMainPhase(TestSuiteExecutor.java:133)&#xD;
	at com.kms.katalon.core.main.TestSuiteExecutor.accessTestSuiteMainPhase(TestSuiteExecutor.java:116)&#xD;
	at com.kms.katalon.core.main.TestSuiteExecutor.execute(TestSuiteExecutor.java:83)&#xD;
	at com.kms.katalon.core.main.TestCaseMain.startTestSuite(TestCaseMain.java:157)&#xD;
	at com.kms.katalon.core.main.TestCaseMain$startTestSuite$0.call(Unknown Source)&#xD;
	at TempTestSuite1565083748703.run(TempTestSuite1565083748703.groovy:35)&#xD;
Caused by: com.kms.katalon.core.webui.exception.WebElementNotFoundException: Web element with id: 'Object Repository/Page_BusinessRadar-Client 700/Trichter/div_VERKNPFUNG NDERN Und Oder  Ohne  XOR' located by 'By.xpath: //div[@id='tile_47']/div/div[2]' not found&#xD;
	at com.kms.katalon.core.webui.common.WebUiCommonHelper.findWebElement(WebUiCommonHelper.java:1097)&#xD;
	at com.kms.katalon.core.webui.keyword.internal.WebUIAbstractKeyword.findWebElement(WebUIAbstractKeyword.groovy:27)&#xD;
	at com.kms.katalon.core.webui.keyword.internal.WebUIAbstractKeyword.findWebElement(WebUIAbstractKeyword.groovy:26)&#xD;
	at com.kms.katalon.core.webui.keyword.builtin.DoubleClickKeyword$_doubleClick_closure1.doCall(DoubleClickKeyword.groovy:77)&#xD;
	at com.kms.katalon.core.webui.keyword.builtin.DoubleClickKeyword$_doubleClick_closure1.call(DoubleClickKeyword.groovy)&#xD;
	at com.kms.katalon.core.webui.keyword.internal.WebUIKeywordMain.runKeyword(WebUIKeywordMain.groovy:20)&#xD;
	... 19 more</system-err>
        </testcase>
        <testcase name="Test Cases/V7 Bugs/V7-736" classname="Test Cases/V7 Bugs/V7-736" status="PASSED">
            <system-out>2019-08-06 11:31:28 - [TEST_CASE][PASSED] - Test Cases/V7 Bugs/V7-736: Test Cases/V7 Bugs/V7-736&#xD;
&#xD;
2019-08-06 11:31:29 - [TEST_STEP][PASSED] - openBrowser(""): Browser is opened with url: ''&#xD;
&#xD;
2019-08-06 11:31:29 - [MESSAGE][WARNING] - A browser is already opened. Closing browser and opening a new one&#xD;
&#xD;
2019-08-06 11:31:29 - [MESSAGE][INFO] - Starting 'Chrome (headless)' driver&#xD;
&#xD;
2019-08-06 11:31:31 - [MESSAGE][PASSED] - Browser is opened with url: ''&#xD;
&#xD;
2019-08-06 11:31:31 - [TEST_STEP][PASSED] - navigateToUrl("https://nostromo.profect.de:8444/v7-snapshot/#/main"): Navigate to 'https://nostromo.profect.de:8444/v7-snapshot/#/main' successfully&#xD;
&#xD;
2019-08-06 11:31:42 - [MESSAGE][PASSED] - Navigate to 'https://nostromo.profect.de:8444/v7-snapshot/#/main' successfully&#xD;
&#xD;
2019-08-06 11:31:42 - [TEST_STEP][PASSED] - setText(findTestObject("Page_BusinessRadar-Client 700/Input fields/input_Login_username"), "demo"): Text 'demo' is set on object 'Object Repository/Page_BusinessRadar-Client 700/Input fields/input_Login_username'&#xD;
&#xD;
2019-08-06 11:31:42 - [MESSAGE][PASSED] - Text 'demo' is set on object 'Object Repository/Page_BusinessRadar-Client 700/Input fields/input_Login_username'&#xD;
&#xD;
2019-08-06 11:31:42 - [TEST_STEP][PASSED] - setEncryptedText(findTestObject("Page_BusinessRadar-Client 700/Input fields/input_Nutzername_password"), "W3BsrpIC7rG/OMTzTgbg+A=="): Text ****** has been set on object 'Object Repository/Page_BusinessRadar-Client 700/Input fields/input_Nutzername_password'&#xD;
&#xD;
2019-08-06 11:31:42 - [MESSAGE][PASSED] - Text ****** has been set on object 'Object Repository/Page_BusinessRadar-Client 700/Input fields/input_Nutzername_password'&#xD;
&#xD;
2019-08-06 11:31:42 - [TEST_STEP][PASSED] - click(findTestObject("Page_BusinessRadar-Client 700/Buttons/button_ANMELDEN")): Object: 'Object Repository/Page_BusinessRadar-Client 700/Buttons/button_ANMELDEN' is clicked on&#xD;
&#xD;
2019-08-06 11:31:42 - [MESSAGE][PASSED] - Object: 'Object Repository/Page_BusinessRadar-Client 700/Buttons/button_ANMELDEN' is clicked on&#xD;
&#xD;
2019-08-06 11:31:42 - [TEST_STEP][PASSED] - click(findTestObject("Page_BusinessRadar-Client 700/Buttons/button_SELEKTIEREN")): Object: 'Object Repository/Page_BusinessRadar-Client 700/Buttons/button_SELEKTIEREN' is clicked on&#xD;
&#xD;
2019-08-06 11:31:43 - [MESSAGE][PASSED] - Object: 'Object Repository/Page_BusinessRadar-Client 700/Buttons/button_SELEKTIEREN' is clicked on&#xD;
&#xD;
2019-08-06 11:31:43 - [TEST_STEP][PASSED] - closeBrowser(): Browser is closed&#xD;
&#xD;
2019-08-06 11:31:43 - [MESSAGE][PASSED] - Browser is closed</system-out>
            <system-err></system-err>
        </testcase>
        <system-out>2019-08-06 11:29:11 - [TEST_SUITE][INCOMPLETE] - V7 Bugs: null</system-out>
        <system-err>2019-08-06 11:29:11 - [TEST_SUITE][INCOMPLETE] - V7 Bugs: null</system-err>
    </testsuite>
</testsuites>
