<?xml version="1.0" encoding="UTF-8" standalone="yes"?>
<testsuites name="V7 Bugs" time="108" tests="5" failures="1" errors="0">
    <testsuite name="V7 Bugs" tests="5" failures="1" errors="0" time="108" timestamp="2019-07-31 13:21:37" hostname="kbr - HYPERION.pci.intranet" id="Test Suites/V7 Bugs">
        <properties>
            <property name="deviceName" value=""/>
            <property name="devicePlatform" value=""/>
            <property name="logFolder" value="C:\\Users\\kbr\\git\\V7\\V7\\V7\\Reports\\V7 Bugs\\20190731_132133"/>
            <property name="logFiles" value="C:\\Users\\kbr\\git\\V7\\V7\\V7\\Reports\\V7 Bugs\\20190731_132133\\execution0.log"/>
            <property name="attachments" value="C:\\Users\\kbr\\git\\V7\\V7\\V7\\Reports\\V7 Bugs\\20190731_132133\\1564572171704.png"/>
            <property name="hostName" value="kbr - HYPERION.pci.intranet"/>
            <property name="os" value="Windows 10 64bit"/>
            <property name="katalonVersion" value="6.1.5.3"/>
            <property name="browser" value="Chrome 75.0.3770.142"/>
            <property name="hostAddress" value="192.168.4.141"/>
            <property name="sessionId" value="2a8f38bfb99c3a738d07c4f906b8f9ae"/>
            <property name="seleniumVersion" value="3.7.1"/>
            <property name="proxyInformation" value="ProxyInformation{proxyOption=NO_PROXY, proxyServerType=HTTP, password=, proxyServerAddress=, proxyServerPort=0}"/>
            <property name="platform" value="Windows 10"/>
        </properties>
        <testcase name="Test Cases/V7 Bugs/V7 715" classname="Test Cases/V7 Bugs/V7 715" status="PASSED">
            <system-out>2019-07-31 13:21:38 - [TEST_CASE][PASSED] - Test Cases/V7 Bugs/V7 715: Test Cases/V7 Bugs/V7 715&#xD;
&#xD;
2019-07-31 13:21:38 - [TEST_STEP][PASSED] - openBrowser(""): Browser is opened with url: ''&#xD;
&#xD;
2019-07-31 13:21:39 - [MESSAGE][INFO] - Starting 'Chrome (headless)' driver&#xD;
&#xD;
2019-07-31 13:21:39 - [MESSAGE][INFO] - Action delay is set to 0 seconds&#xD;
&#xD;
2019-07-31 13:21:43 - [MESSAGE][PASSED] - Browser is opened with url: ''&#xD;
&#xD;
2019-07-31 13:21:43 - [TEST_STEP][PASSED] - navigateToUrl("https://nostromo.profect.de:8444/v7-snapshot/#/main"): Navigate to 'https://nostromo.profect.de:8444/v7-snapshot/#/main' successfully&#xD;
&#xD;
2019-07-31 13:21:54 - [MESSAGE][PASSED] - Navigate to 'https://nostromo.profect.de:8444/v7-snapshot/#/main' successfully&#xD;
&#xD;
2019-07-31 13:21:54 - [TEST_STEP][PASSED] - waitForPageLoad(3): Wait for page load successfully&#xD;
&#xD;
2019-07-31 13:21:54 - [MESSAGE][PASSED] - Wait for page load successfully&#xD;
&#xD;
2019-07-31 13:21:54 - [TEST_STEP][PASSED] - setText(findTestObject("Page_BusinessRadar-Client 700/Input fields/input_Login_username"), "demo"): Text 'demo' is set on object 'Object Repository/Page_BusinessRadar-Client 700/Input fields/input_Login_username'&#xD;
&#xD;
2019-07-31 13:21:54 - [MESSAGE][PASSED] - Text 'demo' is set on object 'Object Repository/Page_BusinessRadar-Client 700/Input fields/input_Login_username'&#xD;
&#xD;
2019-07-31 13:21:54 - [TEST_STEP][PASSED] - setEncryptedText(findTestObject("Page_BusinessRadar-Client 700/Input fields/input_Nutzername_password"), "W3BsrpIC7rG/OMTzTgbg+A=="): Text ****** has been set on object 'Object Repository/Page_BusinessRadar-Client 700/Input fields/input_Nutzername_password'&#xD;
&#xD;
2019-07-31 13:21:54 - [MESSAGE][PASSED] - Text ****** has been set on object 'Object Repository/Page_BusinessRadar-Client 700/Input fields/input_Nutzername_password'&#xD;
&#xD;
2019-07-31 13:21:54 - [TEST_STEP][PASSED] - click(findTestObject("Page_BusinessRadar-Client 700/Buttons/button_ANMELDEN")): Object: 'Object Repository/Page_BusinessRadar-Client 700/Buttons/button_ANMELDEN' is clicked on&#xD;
&#xD;
2019-07-31 13:21:54 - [MESSAGE][PASSED] - Object: 'Object Repository/Page_BusinessRadar-Client 700/Buttons/button_ANMELDEN' is clicked on&#xD;
&#xD;
2019-07-31 13:21:54 - [TEST_STEP][PASSED] - click(findTestObject("Page_BusinessRadar-Client 700/Buttons/button_KAMPAGNEN BEARBEITUNG (1)")): Object: 'Object Repository/Page_BusinessRadar-Client 700/Buttons/button_KAMPAGNEN BEARBEITUNG (1)' is clicked on&#xD;
&#xD;
2019-07-31 13:21:55 - [MESSAGE][PASSED] - Object: 'Object Repository/Page_BusinessRadar-Client 700/Buttons/button_KAMPAGNEN BEARBEITUNG (1)' is clicked on&#xD;
&#xD;
2019-07-31 13:21:55 - [TEST_STEP][PASSED] - click(findTestObject("Page_BusinessRadar-Client 700/Buttons/a_Kampagnenbearbeitung_nav-link tab-button-a v7-highlight-font active")): Object: 'Object Repository/Page_BusinessRadar-Client 700/Buttons/a_Kampagnenbearbeitung_nav-link tab-button-a v7-highlight-font active' is clicked on&#xD;
&#xD;
2019-07-31 13:21:57 - [MESSAGE][PASSED] - Object: 'Object Repository/Page_BusinessRadar-Client 700/Buttons/a_Kampagnenbearbeitung_nav-link tab-button-a v7-highlight-font active' is clicked on&#xD;
&#xD;
2019-07-31 13:21:57 - [TEST_STEP][PASSED] - closeBrowser(): Browser is closed&#xD;
&#xD;
2019-07-31 13:21:57 - [MESSAGE][PASSED] - Browser is closed</system-out>
            <system-err></system-err>
        </testcase>
        <testcase name="Test Cases/V7 Bugs/V7 732" classname="Test Cases/V7 Bugs/V7 732" status="PASSED">
            <system-out>2019-07-31 13:21:57 - [TEST_CASE][PASSED] - Test Cases/V7 Bugs/V7 732: Test Cases/V7 Bugs/V7 732&#xD;
&#xD;
2019-07-31 13:21:58 - [TEST_STEP][PASSED] - openBrowser(""): Browser is opened with url: ''&#xD;
&#xD;
2019-07-31 13:21:58 - [MESSAGE][INFO] - Starting 'Chrome (headless)' driver&#xD;
&#xD;
2019-07-31 13:22:00 - [MESSAGE][PASSED] - Browser is opened with url: ''&#xD;
&#xD;
2019-07-31 13:22:00 - [TEST_STEP][PASSED] - navigateToUrl("https://nostromo.profect.de:8444/v7-snapshot/#/main"): Navigate to 'https://nostromo.profect.de:8444/v7-snapshot/#/main' successfully&#xD;
&#xD;
2019-07-31 13:22:11 - [MESSAGE][PASSED] - Navigate to 'https://nostromo.profect.de:8444/v7-snapshot/#/main' successfully&#xD;
&#xD;
2019-07-31 13:22:11 - [TEST_STEP][PASSED] - setText(findTestObject("Page_BusinessRadar-Client 700/Input fields/input_Login_username"), "demo"): Text 'demo' is set on object 'Object Repository/Page_BusinessRadar-Client 700/Input fields/input_Login_username'&#xD;
&#xD;
2019-07-31 13:22:11 - [MESSAGE][PASSED] - Text 'demo' is set on object 'Object Repository/Page_BusinessRadar-Client 700/Input fields/input_Login_username'&#xD;
&#xD;
2019-07-31 13:22:11 - [TEST_STEP][PASSED] - setEncryptedText(findTestObject("Page_BusinessRadar-Client 700/Input fields/input_Nutzername_password"), "W3BsrpIC7rG/OMTzTgbg+A=="): Text ****** has been set on object 'Object Repository/Page_BusinessRadar-Client 700/Input fields/input_Nutzername_password'&#xD;
&#xD;
2019-07-31 13:22:11 - [MESSAGE][PASSED] - Text ****** has been set on object 'Object Repository/Page_BusinessRadar-Client 700/Input fields/input_Nutzername_password'&#xD;
&#xD;
2019-07-31 13:22:11 - [TEST_STEP][PASSED] - click(findTestObject("Page_BusinessRadar-Client 700/Buttons/button_ANMELDEN")): Object: 'Object Repository/Page_BusinessRadar-Client 700/Buttons/button_ANMELDEN' is clicked on&#xD;
&#xD;
2019-07-31 13:22:11 - [MESSAGE][PASSED] - Object: 'Object Repository/Page_BusinessRadar-Client 700/Buttons/button_ANMELDEN' is clicked on&#xD;
&#xD;
2019-07-31 13:22:11 - [TEST_STEP][PASSED] - click(findTestObject("Page_BusinessRadar-Client 700/Buttons/button_SELEKTIEREN")): Object: 'Object Repository/Page_BusinessRadar-Client 700/Buttons/button_SELEKTIEREN' is clicked on&#xD;
&#xD;
2019-07-31 13:22:12 - [MESSAGE][PASSED] - Object: 'Object Repository/Page_BusinessRadar-Client 700/Buttons/button_SELEKTIEREN' is clicked on&#xD;
&#xD;
2019-07-31 13:22:12 - [TEST_STEP][PASSED] - com.kms.katalon.keyword.draganddrop.DragAndDropKeywords.dragAndDropHtml5(findTestObject("Object Repository/Page_BusinessRadar-Client 700/Drag/div_Und_operator and"), findTestObject("Object Repository/Page_BusinessRadar-Client 700/Trichter/div_VERKNPFUNG NDERN Und Oder  Ohne  XOR")): com.kms.katalon.keyword.draganddrop.DragAndDropKeywords.dragAndDropHtml5 is PASSED&#xD;
&#xD;
2019-07-31 13:22:14 - [MESSAGE][PASSED] - com.kms.katalon.keyword.draganddrop.DragAndDropKeywords.dragAndDropHtml5 is PASSED</system-out>
            <system-err></system-err>
        </testcase>
        <testcase name="Test Cases/V7 Bugs/V7 747" classname="Test Cases/V7 Bugs/V7 747" status="PASSED">
            <system-out>2019-07-31 13:22:14 - [TEST_CASE][PASSED] - Test Cases/V7 Bugs/V7 747: Test Cases/V7 Bugs/V7 747&#xD;
&#xD;
2019-07-31 13:22:14 - [TEST_STEP][PASSED] - openBrowser(""): Browser is opened with url: ''&#xD;
&#xD;
2019-07-31 13:22:14 - [MESSAGE][WARNING] - A browser is already opened. Closing browser and opening a new one&#xD;
&#xD;
2019-07-31 13:22:15 - [MESSAGE][INFO] - Starting 'Chrome (headless)' driver&#xD;
&#xD;
2019-07-31 13:22:17 - [MESSAGE][PASSED] - Browser is opened with url: ''&#xD;
&#xD;
2019-07-31 13:22:17 - [TEST_STEP][PASSED] - navigateToUrl("https://nostromo.profect.de:8444/v7-snapshot/#/main"): Navigate to 'https://nostromo.profect.de:8444/v7-snapshot/#/main' successfully&#xD;
&#xD;
2019-07-31 13:22:28 - [MESSAGE][PASSED] - Navigate to 'https://nostromo.profect.de:8444/v7-snapshot/#/main' successfully&#xD;
&#xD;
2019-07-31 13:22:28 - [TEST_STEP][PASSED] - setText(findTestObject("Page_BusinessRadar-Client 700/Input fields/input_Login_username"), "demo"): Text 'demo' is set on object 'Object Repository/Page_BusinessRadar-Client 700/Input fields/input_Login_username'&#xD;
&#xD;
2019-07-31 13:22:28 - [MESSAGE][PASSED] - Text 'demo' is set on object 'Object Repository/Page_BusinessRadar-Client 700/Input fields/input_Login_username'&#xD;
&#xD;
2019-07-31 13:22:28 - [TEST_STEP][PASSED] - setEncryptedText(findTestObject("Page_BusinessRadar-Client 700/Input fields/input_Nutzername_password"), "W3BsrpIC7rG/OMTzTgbg+A=="): Text ****** has been set on object 'Object Repository/Page_BusinessRadar-Client 700/Input fields/input_Nutzername_password'&#xD;
&#xD;
2019-07-31 13:22:29 - [MESSAGE][PASSED] - Text ****** has been set on object 'Object Repository/Page_BusinessRadar-Client 700/Input fields/input_Nutzername_password'&#xD;
&#xD;
2019-07-31 13:22:29 - [TEST_STEP][PASSED] - click(findTestObject("Page_BusinessRadar-Client 700/Buttons/button_ANMELDEN")): Object: 'Object Repository/Page_BusinessRadar-Client 700/Buttons/button_ANMELDEN' is clicked on&#xD;
&#xD;
2019-07-31 13:22:29 - [MESSAGE][PASSED] - Object: 'Object Repository/Page_BusinessRadar-Client 700/Buttons/button_ANMELDEN' is clicked on&#xD;
&#xD;
2019-07-31 13:22:29 - [TEST_STEP][PASSED] - click(findTestObject("Page_BusinessRadar-Client 700/Buttons/button_SELEKTIEREN")): Object: 'Object Repository/Page_BusinessRadar-Client 700/Buttons/button_SELEKTIEREN' is clicked on&#xD;
&#xD;
2019-07-31 13:22:29 - [MESSAGE][PASSED] - Object: 'Object Repository/Page_BusinessRadar-Client 700/Buttons/button_SELEKTIEREN' is clicked on&#xD;
&#xD;
2019-07-31 13:22:29 - [TEST_STEP][PASSED] - doubleClick(findTestObject("Page_BusinessRadar-Client 700/Trichter/div_VERKNPFUNG NDERN Und Oder  Ohne  XOR")): Object: 'Object Repository/Page_BusinessRadar-Client 700/Trichter/div_VERKNPFUNG NDERN Und Oder  Ohne  XOR' is double clicked on&#xD;
&#xD;
2019-07-31 13:22:32 - [MESSAGE][PASSED] - Object: 'Object Repository/Page_BusinessRadar-Client 700/Trichter/div_VERKNPFUNG NDERN Und Oder  Ohne  XOR' is double clicked on&#xD;
&#xD;
2019-07-31 13:22:32 - [TEST_STEP][PASSED] - closeBrowser(): Browser is closed&#xD;
&#xD;
2019-07-31 13:22:33 - [MESSAGE][PASSED] - Browser is closed</system-out>
            <system-err></system-err>
        </testcase>
        <testcase name="Test Cases/V7 Bugs/V7 763" classname="Test Cases/V7 Bugs/V7 763" status="FAILED">
            <failure type="FAILED" message="Test Cases/V7 Bugs/V7 763 FAILED.&#xA;Reason:&#xA;com.kms.katalon.core.exception.StepFailedException: Unable to click on object 'Object Repository/Page_BusinessRadar-Client 700/Buttons/Back button'&#xD;&#xA;&#x9;at com.kms.katalon.core.webui.keyword.internal.WebUIKeywordMain.stepFailed(WebUIKeywordMain.groovy:64)&#xD;&#xA;&#x9;at com.kms.katalon.core.webui.keyword.internal.WebUIKeywordMain.runKeyword(WebUIKeywordMain.groovy:26)&#xD;&#xA;&#x9;at com.kms.katalon.core.webui.keyword.builtin.ClickKeyword.click(ClickKeyword.groovy:86)&#xD;&#xA;&#x9;at com.kms.katalon.core.webui.keyword.builtin.ClickKeyword.execute(ClickKeyword.groovy:67)&#xD;&#xA;&#x9;at com.kms.katalon.core.keyword.internal.KeywordExecutor.executeKeywordForPlatform(KeywordExecutor.groovy:56)&#xD;&#xA;&#x9;at com.kms.katalon.core.webui.keyword.WebUiBuiltInKeywords.click(WebUiBuiltInKeywords.groovy:616)&#xD;&#xA;&#x9;at com.kms.katalon.core.webui.keyword.WebUiBuiltInKeywords$click$4.call(Unknown Source)&#xD;&#xA;&#x9;at V7 763.run(V7 763:36)&#xD;&#xA;&#x9;at com.kms.katalon.core.main.ScriptEngine.run(ScriptEngine.java:194)&#xD;&#xA;&#x9;at com.kms.katalon.core.main.ScriptEngine.runScriptAsRawText(ScriptEngine.java:119)&#xD;&#xA;&#x9;at com.kms.katalon.core.main.TestCaseExecutor.runScript(TestCaseExecutor.java:337)&#xD;&#xA;&#x9;at com.kms.katalon.core.main.TestCaseExecutor.doExecute(TestCaseExecutor.java:328)&#xD;&#xA;&#x9;at com.kms.katalon.core.main.TestCaseExecutor.processExecutionPhase(TestCaseExecutor.java:307)&#xD;&#xA;&#x9;at com.kms.katalon.core.main.TestCaseExecutor.accessMainPhase(TestCaseExecutor.java:299)&#xD;&#xA;&#x9;at com.kms.katalon.core.main.TestCaseExecutor.execute(TestCaseExecutor.java:233)&#xD;&#xA;&#x9;at com.kms.katalon.core.main.TestSuiteExecutor.accessTestCaseMainPhase(TestSuiteExecutor.java:133)&#xD;&#xA;&#x9;at com.kms.katalon.core.main.TestSuiteExecutor.accessTestSuiteMainPhase(TestSuiteExecutor.java:116)&#xD;&#xA;&#x9;at com.kms.katalon.core.main.TestSuiteExecutor.execute(TestSuiteExecutor.java:83)&#xD;&#xA;&#x9;at com.kms.katalon.core.main.TestCaseMain.startTestSuite(TestCaseMain.java:157)&#xD;&#xA;&#x9;at com.kms.katalon.core.main.TestCaseMain$startTestSuite$0.call(Unknown Source)&#xD;&#xA;&#x9;at TempTestSuite1564572093413.run(TempTestSuite1564572093413.groovy:35)&#xD;&#xA;Caused by: org.openqa.selenium.ElementNotVisibleException: element not interactable&#xA;  (Session info: headless chrome=75.0.3770.142)&#xA;  (Driver info: chromedriver=74.0.3729.6 (255758eccf3d244491b8a1317aa76e1ce10d57e9-refs/branch-heads/3729@{#29}),platform=Windows NT 10.0.17134 x86_64) (WARNING: The server did not provide any stacktrace information)&#xA;Command duration or timeout: 0 milliseconds&#xA;Build info: version: '3.7.1', revision: '8a0099a', time: '2017-11-06T21:07:36.161Z'&#xA;System info: host: 'HYPERION', ip: '192.168.4.141', os.name: 'Windows 10', os.arch: 'amd64', os.version: '10.0', java.version: '1.8.0_181'&#xA;Driver info: com.kms.katalon.selenium.driver.CChromeDriver&#xA;Capabilities {acceptInsecureCerts: false, acceptSslCerts: false, applicationCacheEnabled: false, browserConnectionEnabled: false, browserName: chrome, chrome: {chromedriverVersion: 74.0.3729.6 (255758eccf3d24..., userDataDir: C:\Users\kbr\AppData\Local\...}, cssSelectorsEnabled: true, databaseEnabled: false, goog:chromeOptions: {debuggerAddress: localhost:59107}, handlesAlerts: true, hasTouchScreen: false, javascriptEnabled: true, locationContextEnabled: true, mobileEmulationEnabled: false, nativeEvents: true, networkConnectionEnabled: false, pageLoadStrategy: normal, platform: XP, platformName: XP, proxy: Proxy(direct), rotatable: false, setWindowRect: true, strictFileInteractability: false, takesHeapSnapshot: true, takesScreenshot: true, timeouts: {implicit: 0, pageLoad: 300000, script: 30000}, unexpectedAlertBehaviour: ignore, unhandledPromptBehavior: ignore, version: 75.0.3770.142, webStorageEnabled: true}&#xA;Session ID: 59239aded1decbd6f987427317de1420&#xD;&#xA;&#x9;at org.openqa.selenium.remote.ErrorHandler.createThrowable(ErrorHandler.java:214)&#xD;&#xA;&#x9;at org.openqa.selenium.remote.ErrorHandler.throwIfResponseFailed(ErrorHandler.java:166)&#xD;&#xA;&#x9;at org.openqa.selenium.remote.http.JsonHttpResponseCodec.reconstructValue(JsonHttpResponseCodec.java:40)&#xD;&#xA;&#x9;at org.openqa.selenium.remote.http.AbstractHttpResponseCodec.decode(AbstractHttpResponseCodec.java:80)&#xD;&#xA;&#x9;at org.openqa.selenium.remote.http.AbstractHttpResponseCodec.decode(AbstractHttpResponseCodec.java:44)&#xD;&#xA;&#x9;at org.openqa.selenium.remote.HttpCommandExecutor.execute(HttpCommandExecutor.java:164)&#xD;&#xA;&#x9;at org.openqa.selenium.remote.service.DriverCommandExecutor.execute(DriverCommandExecutor.java:83)&#xD;&#xA;&#x9;at org.openqa.selenium.remote.RemoteWebDriver.execute(RemoteWebDriver.java:600)&#xD;&#xA;&#x9;at com.kms.katalon.selenium.driver.CChromeDriver.execute(CChromeDriver.java:20)&#xD;&#xA;&#x9;at org.openqa.selenium.remote.RemoteWebElement.execute(RemoteWebElement.java:279)&#xD;&#xA;&#x9;at org.openqa.selenium.remote.RemoteWebElement.click(RemoteWebElement.java:83)&#xD;&#xA;&#x9;at com.kms.katalon.core.webui.keyword.builtin.ClickKeyword$_click_closure1.doCall(ClickKeyword.groovy:79)&#xD;&#xA;&#x9;at com.kms.katalon.core.webui.keyword.builtin.ClickKeyword$_click_closure1.call(ClickKeyword.groovy)&#xD;&#xA;&#x9;at com.kms.katalon.core.webui.keyword.internal.WebUIKeywordMain.runKeyword(WebUIKeywordMain.groovy:20)&#xD;&#xA;&#x9;... 19 more&#xD;&#xA;"/>
            <system-out>2019-07-31 13:22:33 - [TEST_CASE][FAILED] - Test Cases/V7 Bugs/V7 763: Test Cases/V7 Bugs/V7 763 FAILED.
Reason:
com.kms.katalon.core.exception.StepFailedException: Unable to click on object 'Object Repository/Page_BusinessRadar-Client 700/Buttons/Back button'&#xD;
	at com.kms.katalon.core.webui.keyword.internal.WebUIKeywordMain.stepFailed(WebUIKeywordMain.groovy:64)&#xD;
	at com.kms.katalon.core.webui.keyword.internal.WebUIKeywordMain.runKeyword(WebUIKeywordMain.groovy:26)&#xD;
	at com.kms.katalon.core.webui.keyword.builtin.ClickKeyword.click(ClickKeyword.groovy:86)&#xD;
	at com.kms.katalon.core.webui.keyword.builtin.ClickKeyword.execute(ClickKeyword.groovy:67)&#xD;
	at com.kms.katalon.core.keyword.internal.KeywordExecutor.executeKeywordForPlatform(KeywordExecutor.groovy:56)&#xD;
	at com.kms.katalon.core.webui.keyword.WebUiBuiltInKeywords.click(WebUiBuiltInKeywords.groovy:616)&#xD;
	at com.kms.katalon.core.webui.keyword.WebUiBuiltInKeywords$click$4.call(Unknown Source)&#xD;
	at V7 763.run(V7 763:36)&#xD;
	at com.kms.katalon.core.main.ScriptEngine.run(ScriptEngine.java:194)&#xD;
	at com.kms.katalon.core.main.ScriptEngine.runScriptAsRawText(ScriptEngine.java:119)&#xD;
	at com.kms.katalon.core.main.TestCaseExecutor.runScript(TestCaseExecutor.java:337)&#xD;
	at com.kms.katalon.core.main.TestCaseExecutor.doExecute(TestCaseExecutor.java:328)&#xD;
	at com.kms.katalon.core.main.TestCaseExecutor.processExecutionPhase(TestCaseExecutor.java:307)&#xD;
	at com.kms.katalon.core.main.TestCaseExecutor.accessMainPhase(TestCaseExecutor.java:299)&#xD;
	at com.kms.katalon.core.main.TestCaseExecutor.execute(TestCaseExecutor.java:233)&#xD;
	at com.kms.katalon.core.main.TestSuiteExecutor.accessTestCaseMainPhase(TestSuiteExecutor.java:133)&#xD;
	at com.kms.katalon.core.main.TestSuiteExecutor.accessTestSuiteMainPhase(TestSuiteExecutor.java:116)&#xD;
	at com.kms.katalon.core.main.TestSuiteExecutor.execute(TestSuiteExecutor.java:83)&#xD;
	at com.kms.katalon.core.main.TestCaseMain.startTestSuite(TestCaseMain.java:157)&#xD;
	at com.kms.katalon.core.main.TestCaseMain$startTestSuite$0.call(Unknown Source)&#xD;
	at TempTestSuite1564572093413.run(TempTestSuite1564572093413.groovy:35)&#xD;
Caused by: org.openqa.selenium.ElementNotVisibleException: element not interactable
  (Session info: headless chrome=75.0.3770.142)
  (Driver info: chromedriver=74.0.3729.6 (255758eccf3d244491b8a1317aa76e1ce10d57e9-refs/branch-heads/3729@{#29}),platform=Windows NT 10.0.17134 x86_64) (WARNING: The server did not provide any stacktrace information)
Command duration or timeout: 0 milliseconds
Build info: version: '3.7.1', revision: '8a0099a', time: '2017-11-06T21:07:36.161Z'
System info: host: 'HYPERION', ip: '192.168.4.141', os.name: 'Windows 10', os.arch: 'amd64', os.version: '10.0', java.version: '1.8.0_181'
Driver info: com.kms.katalon.selenium.driver.CChromeDriver
Capabilities {acceptInsecureCerts: false, acceptSslCerts: false, applicationCacheEnabled: false, browserConnectionEnabled: false, browserName: chrome, chrome: {chromedriverVersion: 74.0.3729.6 (255758eccf3d24..., userDataDir: C:\Users\kbr\AppData\Local\...}, cssSelectorsEnabled: true, databaseEnabled: false, goog:chromeOptions: {debuggerAddress: localhost:59107}, handlesAlerts: true, hasTouchScreen: false, javascriptEnabled: true, locationContextEnabled: true, mobileEmulationEnabled: false, nativeEvents: true, networkConnectionEnabled: false, pageLoadStrategy: normal, platform: XP, platformName: XP, proxy: Proxy(direct), rotatable: false, setWindowRect: true, strictFileInteractability: false, takesHeapSnapshot: true, takesScreenshot: true, timeouts: {implicit: 0, pageLoad: 300000, script: 30000}, unexpectedAlertBehaviour: ignore, unhandledPromptBehavior: ignore, version: 75.0.3770.142, webStorageEnabled: true}
Session ID: 59239aded1decbd6f987427317de1420&#xD;
	at org.openqa.selenium.remote.ErrorHandler.createThrowable(ErrorHandler.java:214)&#xD;
	at org.openqa.selenium.remote.ErrorHandler.throwIfResponseFailed(ErrorHandler.java:166)&#xD;
	at org.openqa.selenium.remote.http.JsonHttpResponseCodec.reconstructValue(JsonHttpResponseCodec.java:40)&#xD;
	at org.openqa.selenium.remote.http.AbstractHttpResponseCodec.decode(AbstractHttpResponseCodec.java:80)&#xD;
	at org.openqa.selenium.remote.http.AbstractHttpResponseCodec.decode(AbstractHttpResponseCodec.java:44)&#xD;
	at org.openqa.selenium.remote.HttpCommandExecutor.execute(HttpCommandExecutor.java:164)&#xD;
	at org.openqa.selenium.remote.service.DriverCommandExecutor.execute(DriverCommandExecutor.java:83)&#xD;
	at org.openqa.selenium.remote.RemoteWebDriver.execute(RemoteWebDriver.java:600)&#xD;
	at com.kms.katalon.selenium.driver.CChromeDriver.execute(CChromeDriver.java:20)&#xD;
	at org.openqa.selenium.remote.RemoteWebElement.execute(RemoteWebElement.java:279)&#xD;
	at org.openqa.selenium.remote.RemoteWebElement.click(RemoteWebElement.java:83)&#xD;
	at com.kms.katalon.core.webui.keyword.builtin.ClickKeyword$_click_closure1.doCall(ClickKeyword.groovy:79)&#xD;
	at com.kms.katalon.core.webui.keyword.builtin.ClickKeyword$_click_closure1.call(ClickKeyword.groovy)&#xD;
	at com.kms.katalon.core.webui.keyword.internal.WebUIKeywordMain.runKeyword(WebUIKeywordMain.groovy:20)&#xD;
	... 19 more&#xD;
&#xD;
&#xD;
2019-07-31 13:22:33 - [TEST_STEP][PASSED] - openBrowser(""): Browser is opened with url: ''&#xD;
&#xD;
2019-07-31 13:22:33 - [MESSAGE][INFO] - Starting 'Chrome (headless)' driver&#xD;
&#xD;
2019-07-31 13:22:35 - [MESSAGE][PASSED] - Browser is opened with url: ''&#xD;
&#xD;
2019-07-31 13:22:35 - [TEST_STEP][PASSED] - navigateToUrl("https://nostromo.profect.de:8444/v7-snapshot/#/main"): Navigate to 'https://nostromo.profect.de:8444/v7-snapshot/#/main' successfully&#xD;
&#xD;
2019-07-31 13:22:46 - [MESSAGE][PASSED] - Navigate to 'https://nostromo.profect.de:8444/v7-snapshot/#/main' successfully&#xD;
&#xD;
2019-07-31 13:22:46 - [TEST_STEP][PASSED] - setText(findTestObject("Page_BusinessRadar-Client 700/Input fields/input_Login_username"), "demo"): Text 'demo' is set on object 'Object Repository/Page_BusinessRadar-Client 700/Input fields/input_Login_username'&#xD;
&#xD;
2019-07-31 13:22:46 - [MESSAGE][PASSED] - Text 'demo' is set on object 'Object Repository/Page_BusinessRadar-Client 700/Input fields/input_Login_username'&#xD;
&#xD;
2019-07-31 13:22:46 - [TEST_STEP][PASSED] - setEncryptedText(findTestObject("Page_BusinessRadar-Client 700/Input fields/input_Nutzername_password"), "W3BsrpIC7rG/OMTzTgbg+A=="): Text ****** has been set on object 'Object Repository/Page_BusinessRadar-Client 700/Input fields/input_Nutzername_password'&#xD;
&#xD;
2019-07-31 13:22:46 - [MESSAGE][PASSED] - Text ****** has been set on object 'Object Repository/Page_BusinessRadar-Client 700/Input fields/input_Nutzername_password'&#xD;
&#xD;
2019-07-31 13:22:46 - [TEST_STEP][PASSED] - click(findTestObject("Page_BusinessRadar-Client 700/Buttons/button_ANMELDEN")): Object: 'Object Repository/Page_BusinessRadar-Client 700/Buttons/button_ANMELDEN' is clicked on&#xD;
&#xD;
2019-07-31 13:22:47 - [MESSAGE][PASSED] - Object: 'Object Repository/Page_BusinessRadar-Client 700/Buttons/button_ANMELDEN' is clicked on&#xD;
&#xD;
2019-07-31 13:22:47 - [TEST_STEP][PASSED] - click(findTestObject("Page_BusinessRadar-Client 700/Buttons/button_SELEKTIEREN")): Object: 'Object Repository/Page_BusinessRadar-Client 700/Buttons/button_SELEKTIEREN' is clicked on&#xD;
&#xD;
2019-07-31 13:22:47 - [MESSAGE][PASSED] - Object: 'Object Repository/Page_BusinessRadar-Client 700/Buttons/button_SELEKTIEREN' is clicked on&#xD;
&#xD;
2019-07-31 13:22:47 - [TEST_STEP][PASSED] - doubleClick(findTestObject("Page_BusinessRadar-Client 700/Trichter/div_VERKNPFUNG NDERN Und Oder  Ohne  XOR")): Object: 'Object Repository/Page_BusinessRadar-Client 700/Trichter/div_VERKNPFUNG NDERN Und Oder  Ohne  XOR' is double clicked on&#xD;
&#xD;
2019-07-31 13:22:50 - [MESSAGE][PASSED] - Object: 'Object Repository/Page_BusinessRadar-Client 700/Trichter/div_VERKNPFUNG NDERN Und Oder  Ohne  XOR' is double clicked on&#xD;
&#xD;
2019-07-31 13:22:50 - [TEST_STEP][PASSED] - waitForElementClickable(findTestObject("Page_BusinessRadar-Client 700/button_Kunden"), 5): Object 'Object Repository/Page_BusinessRadar-Client 700/button_Kunden' is clickable&#xD;
&#xD;
2019-07-31 13:22:50 - [MESSAGE][PASSED] - Object 'Object Repository/Page_BusinessRadar-Client 700/button_Kunden' is clickable&#xD;
&#xD;
2019-07-31 13:22:50 - [TEST_STEP][PASSED] - click(findTestObject("Page_BusinessRadar-Client 700/button_Kunden")): Object: 'Object Repository/Page_BusinessRadar-Client 700/button_Kunden' is clicked on&#xD;
&#xD;
2019-07-31 13:22:51 - [MESSAGE][PASSED] - Object: 'Object Repository/Page_BusinessRadar-Client 700/button_Kunden' is clicked on&#xD;
&#xD;
2019-07-31 13:22:51 - [TEST_STEP][PASSED] - waitForPageLoad(5): Wait for page load successfully&#xD;
&#xD;
2019-07-31 13:22:51 - [MESSAGE][PASSED] - Wait for page load successfully&#xD;
&#xD;
2019-07-31 13:22:51 - [TEST_STEP][FAILED] - click(findTestObject("Page_BusinessRadar-Client 700/Buttons/Back button")): Unable to click on object 'Object Repository/Page_BusinessRadar-Client 700/Buttons/Back button' (Root cause: com.kms.katalon.core.exception.StepFailedException: Unable to click on object 'Object Repository/Page_BusinessRadar-Client 700/Buttons/Back button'&#xD;
	at com.kms.katalon.core.webui.keyword.internal.WebUIKeywordMain.stepFailed(WebUIKeywordMain.groovy:64)&#xD;
	at com.kms.katalon.core.webui.keyword.internal.WebUIKeywordMain.runKeyword(WebUIKeywordMain.groovy:26)&#xD;
	at com.kms.katalon.core.webui.keyword.builtin.ClickKeyword.click(ClickKeyword.groovy:86)&#xD;
	at com.kms.katalon.core.webui.keyword.builtin.ClickKeyword.execute(ClickKeyword.groovy:67)&#xD;
	at com.kms.katalon.core.keyword.internal.KeywordExecutor.executeKeywordForPlatform(KeywordExecutor.groovy:56)&#xD;
	at com.kms.katalon.core.webui.keyword.WebUiBuiltInKeywords.click(WebUiBuiltInKeywords.groovy:616)&#xD;
	at com.kms.katalon.core.webui.keyword.WebUiBuiltInKeywords$click$4.call(Unknown Source)&#xD;
	at V7 763.run(V7 763:36)&#xD;
	at com.kms.katalon.core.main.ScriptEngine.run(ScriptEngine.java:194)&#xD;
	at com.kms.katalon.core.main.ScriptEngine.runScriptAsRawText(ScriptEngine.java:119)&#xD;
	at com.kms.katalon.core.main.TestCaseExecutor.runScript(TestCaseExecutor.java:337)&#xD;
	at com.kms.katalon.core.main.TestCaseExecutor.doExecute(TestCaseExecutor.java:328)&#xD;
	at com.kms.katalon.core.main.TestCaseExecutor.processExecutionPhase(TestCaseExecutor.java:307)&#xD;
	at com.kms.katalon.core.main.TestCaseExecutor.accessMainPhase(TestCaseExecutor.java:299)&#xD;
	at com.kms.katalon.core.main.TestCaseExecutor.execute(TestCaseExecutor.java:233)&#xD;
	at com.kms.katalon.core.main.TestSuiteExecutor.accessTestCaseMainPhase(TestSuiteExecutor.java:133)&#xD;
	at com.kms.katalon.core.main.TestSuiteExecutor.accessTestSuiteMainPhase(TestSuiteExecutor.java:116)&#xD;
	at com.kms.katalon.core.main.TestSuiteExecutor.execute(TestSuiteExecutor.java:83)&#xD;
	at com.kms.katalon.core.main.TestCaseMain.startTestSuite(TestCaseMain.java:157)&#xD;
	at com.kms.katalon.core.main.TestCaseMain$startTestSuite$0.call(Unknown Source)&#xD;
	at TempTestSuite1564572093413.run(TempTestSuite1564572093413.groovy:35)&#xD;
Caused by: org.openqa.selenium.ElementNotVisibleException: element not interactable
  (Session info: headless chrome=75.0.3770.142)
  (Driver info: chromedriver=74.0.3729.6 (255758eccf3d244491b8a1317aa76e1ce10d57e9-refs/branch-heads/3729@{#29}),platform=Windows NT 10.0.17134 x86_64) (WARNING: The server did not provide any stacktrace information)
Command duration or timeout: 0 milliseconds
Build info: version: '3.7.1', revision: '8a0099a', time: '2017-11-06T21:07:36.161Z'
System info: host: 'HYPERION', ip: '192.168.4.141', os.name: 'Windows 10', os.arch: 'amd64', os.version: '10.0', java.version: '1.8.0_181'
Driver info: com.kms.katalon.selenium.driver.CChromeDriver
Capabilities {acceptInsecureCerts: false, acceptSslCerts: false, applicationCacheEnabled: false, browserConnectionEnabled: false, browserName: chrome, chrome: {chromedriverVersion: 74.0.3729.6 (255758eccf3d24..., userDataDir: C:\Users\kbr\AppData\Local\...}, cssSelectorsEnabled: true, databaseEnabled: false, goog:chromeOptions: {debuggerAddress: localhost:59107}, handlesAlerts: true, hasTouchScreen: false, javascriptEnabled: true, locationContextEnabled: true, mobileEmulationEnabled: false, nativeEvents: true, networkConnectionEnabled: false, pageLoadStrategy: normal, platform: XP, platformName: XP, proxy: Proxy(direct), rotatable: false, setWindowRect: true, strictFileInteractability: false, takesHeapSnapshot: true, takesScreenshot: true, timeouts: {implicit: 0, pageLoad: 300000, script: 30000}, unexpectedAlertBehaviour: ignore, unhandledPromptBehavior: ignore, version: 75.0.3770.142, webStorageEnabled: true}
Session ID: 59239aded1decbd6f987427317de1420&#xD;
	at org.openqa.selenium.remote.ErrorHandler.createThrowable(ErrorHandler.java:214)&#xD;
	at org.openqa.selenium.remote.ErrorHandler.throwIfResponseFailed(ErrorHandler.java:166)&#xD;
	at org.openqa.selenium.remote.http.JsonHttpResponseCodec.reconstructValue(JsonHttpResponseCodec.java:40)&#xD;
	at org.openqa.selenium.remote.http.AbstractHttpResponseCodec.decode(AbstractHttpResponseCodec.java:80)&#xD;
	at org.openqa.selenium.remote.http.AbstractHttpResponseCodec.decode(AbstractHttpResponseCodec.java:44)&#xD;
	at org.openqa.selenium.remote.HttpCommandExecutor.execute(HttpCommandExecutor.java:164)&#xD;
	at org.openqa.selenium.remote.service.DriverCommandExecutor.execute(DriverCommandExecutor.java:83)&#xD;
	at org.openqa.selenium.remote.RemoteWebDriver.execute(RemoteWebDriver.java:600)&#xD;
	at com.kms.katalon.selenium.driver.CChromeDriver.execute(CChromeDriver.java:20)&#xD;
	at org.openqa.selenium.remote.RemoteWebElement.execute(RemoteWebElement.java:279)&#xD;
	at org.openqa.selenium.remote.RemoteWebElement.click(RemoteWebElement.java:83)&#xD;
	at com.kms.katalon.core.webui.keyword.builtin.ClickKeyword$_click_closure1.doCall(ClickKeyword.groovy:79)&#xD;
	at com.kms.katalon.core.webui.keyword.builtin.ClickKeyword$_click_closure1.call(ClickKeyword.groovy)&#xD;
	at com.kms.katalon.core.webui.keyword.internal.WebUIKeywordMain.runKeyword(WebUIKeywordMain.groovy:20)&#xD;
	at com.kms.katalon.core.webui.keyword.builtin.ClickKeyword.click(ClickKeyword.groovy:86)&#xD;
	at com.kms.katalon.core.webui.keyword.builtin.ClickKeyword.execute(ClickKeyword.groovy:67)&#xD;
	at com.kms.katalon.core.keyword.internal.KeywordExecutor.executeKeywordForPlatform(KeywordExecutor.groovy:56)&#xD;
	at com.kms.katalon.core.webui.keyword.WebUiBuiltInKeywords.click(WebUiBuiltInKeywords.groovy:616)&#xD;
	at com.kms.katalon.core.webui.keyword.WebUiBuiltInKeywords$click$4.call(Unknown Source)&#xD;
	at Script1564561891215.run(Script1564561891215.groovy:36)&#xD;
	... 13 more&#xD;
)&#xD;
&#xD;
2019-07-31 13:22:52 - [MESSAGE][FAILED] - Unable to click on object 'Object Repository/Page_BusinessRadar-Client 700/Buttons/Back button' (Root cause: com.kms.katalon.core.exception.StepFailedException: Unable to click on object 'Object Repository/Page_BusinessRadar-Client 700/Buttons/Back button'&#xD;
	at com.kms.katalon.core.webui.keyword.internal.WebUIKeywordMain.stepFailed(WebUIKeywordMain.groovy:64)&#xD;
	at com.kms.katalon.core.webui.keyword.internal.WebUIKeywordMain.runKeyword(WebUIKeywordMain.groovy:26)&#xD;
	at com.kms.katalon.core.webui.keyword.builtin.ClickKeyword.click(ClickKeyword.groovy:86)&#xD;
	at com.kms.katalon.core.webui.keyword.builtin.ClickKeyword.execute(ClickKeyword.groovy:67)&#xD;
	at com.kms.katalon.core.keyword.internal.KeywordExecutor.executeKeywordForPlatform(KeywordExecutor.groovy:56)&#xD;
	at com.kms.katalon.core.webui.keyword.WebUiBuiltInKeywords.click(WebUiBuiltInKeywords.groovy:616)&#xD;
	at com.kms.katalon.core.webui.keyword.WebUiBuiltInKeywords$click$4.call(Unknown Source)&#xD;
	at V7 763.run(V7 763:36)&#xD;
	at com.kms.katalon.core.main.ScriptEngine.run(ScriptEngine.java:194)&#xD;
	at com.kms.katalon.core.main.ScriptEngine.runScriptAsRawText(ScriptEngine.java:119)&#xD;
	at com.kms.katalon.core.main.TestCaseExecutor.runScript(TestCaseExecutor.java:337)&#xD;
	at com.kms.katalon.core.main.TestCaseExecutor.doExecute(TestCaseExecutor.java:328)&#xD;
	at com.kms.katalon.core.main.TestCaseExecutor.processExecutionPhase(TestCaseExecutor.java:307)&#xD;
	at com.kms.katalon.core.main.TestCaseExecutor.accessMainPhase(TestCaseExecutor.java:299)&#xD;
	at com.kms.katalon.core.main.TestCaseExecutor.execute(TestCaseExecutor.java:233)&#xD;
	at com.kms.katalon.core.main.TestSuiteExecutor.accessTestCaseMainPhase(TestSuiteExecutor.java:133)&#xD;
	at com.kms.katalon.core.main.TestSuiteExecutor.accessTestSuiteMainPhase(TestSuiteExecutor.java:116)&#xD;
	at com.kms.katalon.core.main.TestSuiteExecutor.execute(TestSuiteExecutor.java:83)&#xD;
	at com.kms.katalon.core.main.TestCaseMain.startTestSuite(TestCaseMain.java:157)&#xD;
	at com.kms.katalon.core.main.TestCaseMain$startTestSuite$0.call(Unknown Source)&#xD;
	at TempTestSuite1564572093413.run(TempTestSuite1564572093413.groovy:35)&#xD;
Caused by: org.openqa.selenium.ElementNotVisibleException: element not interactable
  (Session info: headless chrome=75.0.3770.142)
  (Driver info: chromedriver=74.0.3729.6 (255758eccf3d244491b8a1317aa76e1ce10d57e9-refs/branch-heads/3729@{#29}),platform=Windows NT 10.0.17134 x86_64) (WARNING: The server did not provide any stacktrace information)
Command duration or timeout: 0 milliseconds
Build info: version: '3.7.1', revision: '8a0099a', time: '2017-11-06T21:07:36.161Z'
System info: host: 'HYPERION', ip: '192.168.4.141', os.name: 'Windows 10', os.arch: 'amd64', os.version: '10.0', java.version: '1.8.0_181'
Driver info: com.kms.katalon.selenium.driver.CChromeDriver
Capabilities {acceptInsecureCerts: false, acceptSslCerts: false, applicationCacheEnabled: false, browserConnectionEnabled: false, browserName: chrome, chrome: {chromedriverVersion: 74.0.3729.6 (255758eccf3d24..., userDataDir: C:\Users\kbr\AppData\Local\...}, cssSelectorsEnabled: true, databaseEnabled: false, goog:chromeOptions: {debuggerAddress: localhost:59107}, handlesAlerts: true, hasTouchScreen: false, javascriptEnabled: true, locationContextEnabled: true, mobileEmulationEnabled: false, nativeEvents: true, networkConnectionEnabled: false, pageLoadStrategy: normal, platform: XP, platformName: XP, proxy: Proxy(direct), rotatable: false, setWindowRect: true, strictFileInteractability: false, takesHeapSnapshot: true, takesScreenshot: true, timeouts: {implicit: 0, pageLoad: 300000, script: 30000}, unexpectedAlertBehaviour: ignore, unhandledPromptBehavior: ignore, version: 75.0.3770.142, webStorageEnabled: true}
Session ID: 59239aded1decbd6f987427317de1420&#xD;
	at org.openqa.selenium.remote.ErrorHandler.createThrowable(ErrorHandler.java:214)&#xD;
	at org.openqa.selenium.remote.ErrorHandler.throwIfResponseFailed(ErrorHandler.java:166)&#xD;
	at org.openqa.selenium.remote.http.JsonHttpResponseCodec.reconstructValue(JsonHttpResponseCodec.java:40)&#xD;
	at org.openqa.selenium.remote.http.AbstractHttpResponseCodec.decode(AbstractHttpResponseCodec.java:80)&#xD;
	at org.openqa.selenium.remote.http.AbstractHttpResponseCodec.decode(AbstractHttpResponseCodec.java:44)&#xD;
	at org.openqa.selenium.remote.HttpCommandExecutor.execute(HttpCommandExecutor.java:164)&#xD;
	at org.openqa.selenium.remote.service.DriverCommandExecutor.execute(DriverCommandExecutor.java:83)&#xD;
	at org.openqa.selenium.remote.RemoteWebDriver.execute(RemoteWebDriver.java:600)&#xD;
	at com.kms.katalon.selenium.driver.CChromeDriver.execute(CChromeDriver.java:20)&#xD;
	at org.openqa.selenium.remote.RemoteWebElement.execute(RemoteWebElement.java:279)&#xD;
	at org.openqa.selenium.remote.RemoteWebElement.click(RemoteWebElement.java:83)&#xD;
	at com.kms.katalon.core.webui.keyword.builtin.ClickKeyword$_click_closure1.doCall(ClickKeyword.groovy:79)&#xD;
	at com.kms.katalon.core.webui.keyword.builtin.ClickKeyword$_click_closure1.call(ClickKeyword.groovy)&#xD;
	at com.kms.katalon.core.webui.keyword.internal.WebUIKeywordMain.runKeyword(WebUIKeywordMain.groovy:20)&#xD;
	at com.kms.katalon.core.webui.keyword.builtin.ClickKeyword.click(ClickKeyword.groovy:86)&#xD;
	at com.kms.katalon.core.webui.keyword.builtin.ClickKeyword.execute(ClickKeyword.groovy:67)&#xD;
	at com.kms.katalon.core.keyword.internal.KeywordExecutor.executeKeywordForPlatform(KeywordExecutor.groovy:56)&#xD;
	at com.kms.katalon.core.webui.keyword.WebUiBuiltInKeywords.click(WebUiBuiltInKeywords.groovy:616)&#xD;
	at com.kms.katalon.core.webui.keyword.WebUiBuiltInKeywords$click$4.call(Unknown Source)&#xD;
	at Script1564561891215.run(Script1564561891215.groovy:36)&#xD;
	... 13 more&#xD;
)&#xD;
[[ATTACHMENT|C:\\Users\\kbr\\git\\V7\\V7\\V7\\Reports\\V7 Bugs\\20190731_132133\\1564572171704.png]]</system-out>
            <system-err>2019-07-31 13:22:33 - [TEST_CASE][FAILED] - Test Cases/V7 Bugs/V7 763: Test Cases/V7 Bugs/V7 763 FAILED.
Reason:
com.kms.katalon.core.exception.StepFailedException: Unable to click on object 'Object Repository/Page_BusinessRadar-Client 700/Buttons/Back button'&#xD;
	at com.kms.katalon.core.webui.keyword.internal.WebUIKeywordMain.stepFailed(WebUIKeywordMain.groovy:64)&#xD;
	at com.kms.katalon.core.webui.keyword.internal.WebUIKeywordMain.runKeyword(WebUIKeywordMain.groovy:26)&#xD;
	at com.kms.katalon.core.webui.keyword.builtin.ClickKeyword.click(ClickKeyword.groovy:86)&#xD;
	at com.kms.katalon.core.webui.keyword.builtin.ClickKeyword.execute(ClickKeyword.groovy:67)&#xD;
	at com.kms.katalon.core.keyword.internal.KeywordExecutor.executeKeywordForPlatform(KeywordExecutor.groovy:56)&#xD;
	at com.kms.katalon.core.webui.keyword.WebUiBuiltInKeywords.click(WebUiBuiltInKeywords.groovy:616)&#xD;
	at com.kms.katalon.core.webui.keyword.WebUiBuiltInKeywords$click$4.call(Unknown Source)&#xD;
	at V7 763.run(V7 763:36)&#xD;
	at com.kms.katalon.core.main.ScriptEngine.run(ScriptEngine.java:194)&#xD;
	at com.kms.katalon.core.main.ScriptEngine.runScriptAsRawText(ScriptEngine.java:119)&#xD;
	at com.kms.katalon.core.main.TestCaseExecutor.runScript(TestCaseExecutor.java:337)&#xD;
	at com.kms.katalon.core.main.TestCaseExecutor.doExecute(TestCaseExecutor.java:328)&#xD;
	at com.kms.katalon.core.main.TestCaseExecutor.processExecutionPhase(TestCaseExecutor.java:307)&#xD;
	at com.kms.katalon.core.main.TestCaseExecutor.accessMainPhase(TestCaseExecutor.java:299)&#xD;
	at com.kms.katalon.core.main.TestCaseExecutor.execute(TestCaseExecutor.java:233)&#xD;
	at com.kms.katalon.core.main.TestSuiteExecutor.accessTestCaseMainPhase(TestSuiteExecutor.java:133)&#xD;
	at com.kms.katalon.core.main.TestSuiteExecutor.accessTestSuiteMainPhase(TestSuiteExecutor.java:116)&#xD;
	at com.kms.katalon.core.main.TestSuiteExecutor.execute(TestSuiteExecutor.java:83)&#xD;
	at com.kms.katalon.core.main.TestCaseMain.startTestSuite(TestCaseMain.java:157)&#xD;
	at com.kms.katalon.core.main.TestCaseMain$startTestSuite$0.call(Unknown Source)&#xD;
	at TempTestSuite1564572093413.run(TempTestSuite1564572093413.groovy:35)&#xD;
Caused by: org.openqa.selenium.ElementNotVisibleException: element not interactable
  (Session info: headless chrome=75.0.3770.142)
  (Driver info: chromedriver=74.0.3729.6 (255758eccf3d244491b8a1317aa76e1ce10d57e9-refs/branch-heads/3729@{#29}),platform=Windows NT 10.0.17134 x86_64) (WARNING: The server did not provide any stacktrace information)
Command duration or timeout: 0 milliseconds
Build info: version: '3.7.1', revision: '8a0099a', time: '2017-11-06T21:07:36.161Z'
System info: host: 'HYPERION', ip: '192.168.4.141', os.name: 'Windows 10', os.arch: 'amd64', os.version: '10.0', java.version: '1.8.0_181'
Driver info: com.kms.katalon.selenium.driver.CChromeDriver
Capabilities {acceptInsecureCerts: false, acceptSslCerts: false, applicationCacheEnabled: false, browserConnectionEnabled: false, browserName: chrome, chrome: {chromedriverVersion: 74.0.3729.6 (255758eccf3d24..., userDataDir: C:\Users\kbr\AppData\Local\...}, cssSelectorsEnabled: true, databaseEnabled: false, goog:chromeOptions: {debuggerAddress: localhost:59107}, handlesAlerts: true, hasTouchScreen: false, javascriptEnabled: true, locationContextEnabled: true, mobileEmulationEnabled: false, nativeEvents: true, networkConnectionEnabled: false, pageLoadStrategy: normal, platform: XP, platformName: XP, proxy: Proxy(direct), rotatable: false, setWindowRect: true, strictFileInteractability: false, takesHeapSnapshot: true, takesScreenshot: true, timeouts: {implicit: 0, pageLoad: 300000, script: 30000}, unexpectedAlertBehaviour: ignore, unhandledPromptBehavior: ignore, version: 75.0.3770.142, webStorageEnabled: true}
Session ID: 59239aded1decbd6f987427317de1420&#xD;
	at org.openqa.selenium.remote.ErrorHandler.createThrowable(ErrorHandler.java:214)&#xD;
	at org.openqa.selenium.remote.ErrorHandler.throwIfResponseFailed(ErrorHandler.java:166)&#xD;
	at org.openqa.selenium.remote.http.JsonHttpResponseCodec.reconstructValue(JsonHttpResponseCodec.java:40)&#xD;
	at org.openqa.selenium.remote.http.AbstractHttpResponseCodec.decode(AbstractHttpResponseCodec.java:80)&#xD;
	at org.openqa.selenium.remote.http.AbstractHttpResponseCodec.decode(AbstractHttpResponseCodec.java:44)&#xD;
	at org.openqa.selenium.remote.HttpCommandExecutor.execute(HttpCommandExecutor.java:164)&#xD;
	at org.openqa.selenium.remote.service.DriverCommandExecutor.execute(DriverCommandExecutor.java:83)&#xD;
	at org.openqa.selenium.remote.RemoteWebDriver.execute(RemoteWebDriver.java:600)&#xD;
	at com.kms.katalon.selenium.driver.CChromeDriver.execute(CChromeDriver.java:20)&#xD;
	at org.openqa.selenium.remote.RemoteWebElement.execute(RemoteWebElement.java:279)&#xD;
	at org.openqa.selenium.remote.RemoteWebElement.click(RemoteWebElement.java:83)&#xD;
	at com.kms.katalon.core.webui.keyword.builtin.ClickKeyword$_click_closure1.doCall(ClickKeyword.groovy:79)&#xD;
	at com.kms.katalon.core.webui.keyword.builtin.ClickKeyword$_click_closure1.call(ClickKeyword.groovy)&#xD;
	at com.kms.katalon.core.webui.keyword.internal.WebUIKeywordMain.runKeyword(WebUIKeywordMain.groovy:20)&#xD;
	... 19 more</system-err>
        </testcase>
        <testcase name="Test Cases/V7 Bugs/V7 796" classname="Test Cases/V7 Bugs/V7 796" status="PASSED">
            <system-out>2019-07-31 13:22:52 - [TEST_CASE][PASSED] - Test Cases/V7 Bugs/V7 796: Test Cases/V7 Bugs/V7 796&#xD;
&#xD;
2019-07-31 13:22:52 - [TEST_STEP][PASSED] - openBrowser(""): Browser is opened with url: ''&#xD;
&#xD;
2019-07-31 13:22:52 - [MESSAGE][WARNING] - A browser is already opened. Closing browser and opening a new one&#xD;
&#xD;
2019-07-31 13:22:53 - [MESSAGE][INFO] - Starting 'Chrome (headless)' driver&#xD;
&#xD;
2019-07-31 13:22:55 - [MESSAGE][PASSED] - Browser is opened with url: ''&#xD;
&#xD;
2019-07-31 13:22:55 - [TEST_STEP][PASSED] - navigateToUrl("https://nostromo.profect.de:8444/v7-snapshot/#/main"): Navigate to 'https://nostromo.profect.de:8444/v7-snapshot/#/main' successfully&#xD;
&#xD;
2019-07-31 13:23:06 - [MESSAGE][PASSED] - Navigate to 'https://nostromo.profect.de:8444/v7-snapshot/#/main' successfully&#xD;
&#xD;
2019-07-31 13:23:06 - [TEST_STEP][PASSED] - setText(findTestObject("Page_BusinessRadar-Client 700/Input fields/input_Login_username"), "demo"): Text 'demo' is set on object 'Object Repository/Page_BusinessRadar-Client 700/Input fields/input_Login_username'&#xD;
&#xD;
2019-07-31 13:23:06 - [MESSAGE][PASSED] - Text 'demo' is set on object 'Object Repository/Page_BusinessRadar-Client 700/Input fields/input_Login_username'&#xD;
&#xD;
2019-07-31 13:23:06 - [TEST_STEP][PASSED] - setEncryptedText(findTestObject("Page_BusinessRadar-Client 700/Input fields/input_Nutzername_password"), "W3BsrpIC7rG/OMTzTgbg+A=="): Text ****** has been set on object 'Object Repository/Page_BusinessRadar-Client 700/Input fields/input_Nutzername_password'&#xD;
&#xD;
2019-07-31 13:23:06 - [MESSAGE][PASSED] - Text ****** has been set on object 'Object Repository/Page_BusinessRadar-Client 700/Input fields/input_Nutzername_password'&#xD;
&#xD;
2019-07-31 13:23:06 - [TEST_STEP][PASSED] - click(findTestObject("Page_BusinessRadar-Client 700/Buttons/button_ANMELDEN")): Object: 'Object Repository/Page_BusinessRadar-Client 700/Buttons/button_ANMELDEN' is clicked on&#xD;
&#xD;
2019-07-31 13:23:06 - [MESSAGE][PASSED] - Object: 'Object Repository/Page_BusinessRadar-Client 700/Buttons/button_ANMELDEN' is clicked on&#xD;
&#xD;
2019-07-31 13:23:06 - [TEST_STEP][PASSED] - click(findTestObject("Page_BusinessRadar-Client 700/Buttons/button_SELEKTIEREN")): Object: 'Object Repository/Page_BusinessRadar-Client 700/Buttons/button_SELEKTIEREN' is clicked on&#xD;
&#xD;
2019-07-31 13:23:07 - [MESSAGE][PASSED] - Object: 'Object Repository/Page_BusinessRadar-Client 700/Buttons/button_SELEKTIEREN' is clicked on&#xD;
&#xD;
2019-07-31 13:23:07 - [TEST_STEP][PASSED] - doubleClick(findTestObject("Page_BusinessRadar-Client 700/Trichter/div_VERKNPFUNG NDERN Und Oder  Ohne  XOR")): Object: 'Object Repository/Page_BusinessRadar-Client 700/Trichter/div_VERKNPFUNG NDERN Und Oder  Ohne  XOR' is double clicked on&#xD;
&#xD;
2019-07-31 13:23:10 - [MESSAGE][PASSED] - Object: 'Object Repository/Page_BusinessRadar-Client 700/Trichter/div_VERKNPFUNG NDERN Und Oder  Ohne  XOR' is double clicked on&#xD;
&#xD;
2019-07-31 13:23:10 - [TEST_STEP][PASSED] - waitForPageLoad(5): Wait for page load successfully&#xD;
&#xD;
2019-07-31 13:23:10 - [MESSAGE][PASSED] - Wait for page load successfully&#xD;
&#xD;
2019-07-31 13:23:10 - [TEST_STEP][PASSED] - waitForElementClickable(findTestObject("Page_BusinessRadar-Client 700/Buttons/button_Vertrge (1)"), 5): Object 'Object Repository/Page_BusinessRadar-Client 700/Buttons/button_Vertrge (1)' is clickable&#xD;
&#xD;
2019-07-31 13:23:10 - [MESSAGE][PASSED] - Object 'Object Repository/Page_BusinessRadar-Client 700/Buttons/button_Vertrge (1)' is clickable&#xD;
&#xD;
2019-07-31 13:23:10 - [TEST_STEP][PASSED] - click(findTestObject("Page_BusinessRadar-Client 700/Buttons/button_Vertrge (1)")): Object: 'Object Repository/Page_BusinessRadar-Client 700/Buttons/button_Vertrge (1)' is clicked on&#xD;
&#xD;
2019-07-31 13:23:11 - [MESSAGE][PASSED] - Object: 'Object Repository/Page_BusinessRadar-Client 700/Buttons/button_Vertrge (1)' is clicked on</system-out>
            <system-err></system-err>
        </testcase>
        <testcase name="Test Cases/V7 Bugs/V7-736" classname="Test Cases/V7 Bugs/V7-736" status="PASSED">
            <system-out>2019-07-31 13:23:11 - [TEST_CASE][PASSED] - Test Cases/V7 Bugs/V7-736: Test Cases/V7 Bugs/V7-736&#xD;
&#xD;
2019-07-31 13:23:11 - [TEST_STEP][PASSED] - openBrowser(""): Browser is opened with url: ''&#xD;
&#xD;
2019-07-31 13:23:11 - [MESSAGE][WARNING] - A browser is already opened. Closing browser and opening a new one&#xD;
&#xD;
2019-07-31 13:23:12 - [MESSAGE][INFO] - Starting 'Chrome (headless)' driver&#xD;
&#xD;
2019-07-31 13:23:14 - [MESSAGE][PASSED] - Browser is opened with url: ''&#xD;
&#xD;
2019-07-31 13:23:14 - [TEST_STEP][PASSED] - navigateToUrl("https://nostromo.profect.de:8444/v7-snapshot/#/main"): Navigate to 'https://nostromo.profect.de:8444/v7-snapshot/#/main' successfully&#xD;
&#xD;
2019-07-31 13:23:25 - [MESSAGE][PASSED] - Navigate to 'https://nostromo.profect.de:8444/v7-snapshot/#/main' successfully&#xD;
&#xD;
2019-07-31 13:23:25 - [TEST_STEP][PASSED] - setText(findTestObject("Page_BusinessRadar-Client 700/Input fields/input_Login_username"), "demo"): Text 'demo' is set on object 'Object Repository/Page_BusinessRadar-Client 700/Input fields/input_Login_username'&#xD;
&#xD;
2019-07-31 13:23:25 - [MESSAGE][PASSED] - Text 'demo' is set on object 'Object Repository/Page_BusinessRadar-Client 700/Input fields/input_Login_username'&#xD;
&#xD;
2019-07-31 13:23:25 - [TEST_STEP][PASSED] - setEncryptedText(findTestObject("Page_BusinessRadar-Client 700/Input fields/input_Nutzername_password"), "W3BsrpIC7rG/OMTzTgbg+A=="): Text ****** has been set on object 'Object Repository/Page_BusinessRadar-Client 700/Input fields/input_Nutzername_password'&#xD;
&#xD;
2019-07-31 13:23:25 - [MESSAGE][PASSED] - Text ****** has been set on object 'Object Repository/Page_BusinessRadar-Client 700/Input fields/input_Nutzername_password'&#xD;
&#xD;
2019-07-31 13:23:25 - [TEST_STEP][PASSED] - click(findTestObject("Page_BusinessRadar-Client 700/Buttons/button_ANMELDEN")): Object: 'Object Repository/Page_BusinessRadar-Client 700/Buttons/button_ANMELDEN' is clicked on&#xD;
&#xD;
2019-07-31 13:23:25 - [MESSAGE][PASSED] - Object: 'Object Repository/Page_BusinessRadar-Client 700/Buttons/button_ANMELDEN' is clicked on&#xD;
&#xD;
2019-07-31 13:23:25 - [TEST_STEP][PASSED] - click(findTestObject("Page_BusinessRadar-Client 700/Buttons/button_SELEKTIEREN")): Object: 'Object Repository/Page_BusinessRadar-Client 700/Buttons/button_SELEKTIEREN' is clicked on&#xD;
&#xD;
2019-07-31 13:23:26 - [MESSAGE][PASSED] - Object: 'Object Repository/Page_BusinessRadar-Client 700/Buttons/button_SELEKTIEREN' is clicked on&#xD;
&#xD;
2019-07-31 13:23:26 - [TEST_STEP][PASSED] - closeBrowser(): Browser is closed&#xD;
&#xD;
2019-07-31 13:23:26 - [MESSAGE][PASSED] - Browser is closed</system-out>
            <system-err></system-err>
        </testcase>
        <system-out>2019-07-31 13:21:37 - [TEST_SUITE][INCOMPLETE] - V7 Bugs: null</system-out>
        <system-err>2019-07-31 13:21:37 - [TEST_SUITE][INCOMPLETE] - V7 Bugs: null</system-err>
    </testsuite>
</testsuites>
